#
# There is insufficient memory for the Java Runtime Environment to continue.
# Native memory allocation (malloc) failed to allocate 1826016 bytes for Chunk::new
# Possible reasons:
#   The system is out of physical RAM or swap space
#   The process is running with CompressedOops enabled, and the Java Heap may be blocking the growth of the native heap
# Possible solutions:
#   Reduce memory load on the system
#   Increase physical memory or swap space
#   Check if swap backing store is full
#   Decrease Java heap size (-Xmx/-Xms)
#   Decrease number of Java threads
#   Decrease Java thread stack sizes (-Xss)
#   Set larger code cache with -XX:ReservedCodeCacheSize=
#   JVM is running with Unscaled Compressed Oops mode in which the Java heap is
#     placed in the first 4GB address space. The Java Heap base address is the
#     maximum limit for the native heap growth. Please use -XX:HeapBaseMinAddress
#     to set the Java Heap base and to place the Java Heap above 4GB virtual address.
# This output file may be truncated or incomplete.
#
#  Out of Memory Error (arena.cpp:168), pid=6740, tid=18728
#
# JRE version: Java(TM) SE Runtime Environment (21.0.1+12) (build 21.0.1+12-LTS-29)
# Java VM: Java HotSpot(TM) 64-Bit Server VM (21.0.1+12-LTS-29, mixed mode, sharing, tiered, compressed oops, compressed class ptrs, g1 gc, windows-amd64)
# No core dump will be written. Minidumps are not enabled by default on client versions of Windows
#

---------------  S U M M A R Y ------------

Command Line: -javaagent:C:\Users\hario\AppData\Local\JetBrains\IntelliJIdea2025.3\captureAgent\debugger-agent.jar=file:///C:/Users/hario/AppData/Local/Temp/capture12275275734132131221.props -ea -Didea.test.cyclic.buffer.size=1048576 -javaagent:C:\Program Files\JetBrains\IntelliJ IDEA 2025.3\lib\idea_rt.jar=28271 -Dkotlinx.coroutines.debug.enable.creation.stack.trace=false -Ddebugger.agent.enable.coroutines=true -Dkotlinx.coroutines.debug.enable.flows.stack.trace=true -Dkotlinx.coroutines.debug.enable.mutable.state.flows.stack.trace=true -Ddebugger.async.stack.trace.for.all.threads=true -Dfile.encoding=UTF-8 -Dsun.stdout.encoding=UTF-8 -Dsun.stderr.encoding=UTF-8 com.intellij.rt.junit.JUnitStarter -ideVersion5 -junit6 com.Project.BloodBuddy.patienttests,TestTransactionMethods(java.lang.Long)

Host: AMD Ryzen 3 5300U with Radeon Graphics         , 8 cores, 7G,  Windows 11 , 64 bit Build 26100 (10.0.26100.4484)
Time: Sat Jan 31 19:50:03 2026 India Standard Time elapsed time: 8.693688 seconds (0d 0h 0m 8s)

---------------  T H R E A D  ---------------

Current thread (0x000002308abc1ae0):  JavaThread "C2 CompilerThread1" daemon [_thread_in_native, id=18728, stack(0x0000004ed3a00000,0x0000004ed3b00000) (1024K)]


Current CompileTask:
C2:   8693 5501       4       org.springframework.core.annotation.TypeMappedAnnotations::get (52 bytes)

Stack: [0x0000004ed3a00000,0x0000004ed3b00000]
Native frames: (J=compiled Java code, j=interpreted, Vv=VM code, C=native code)
V  [jvm.dll+0x6c9029]
V  [jvm.dll+0x854b81]
V  [jvm.dll+0x856e5e]
V  [jvm.dll+0x857543]
V  [jvm.dll+0x280c06]
V  [jvm.dll+0xc3ead]
V  [jvm.dll+0xc43c3]
V  [jvm.dll+0x3b576c]
V  [jvm.dll+0x382475]
V  [jvm.dll+0x3818ea]
V  [jvm.dll+0x249ad0]
V  [jvm.dll+0x2490b1]
V  [jvm.dll+0x1c9ca1]
V  [jvm.dll+0x2586b9]
V  [jvm.dll+0x256c9a]
V  [jvm.dll+0x3ef1b6]
V  [jvm.dll+0x7fd728]
V  [jvm.dll+0x6c777d]
C  [ucrtbase.dll+0x37b0]
C  [KERNEL32.DLL+0x2e8d7]
C  [ntdll.dll+0x3c34c]


---------------  P R O C E S S  ---------------

Threads class SMR info:
_java_thread_list=0x000002308a421c80, length=17, elements={
0x000002309e2f8b30, 0x00000230bca10820, 0x00000230bca11280, 0x00000230bca162f0,
0x00000230bca17100, 0x00000230bca19b70, 0x00000230fe001b10, 0x00000230fe01e8c0,
0x00000230fe028510, 0x00000230fe000df0, 0x00000230fe0021a0, 0x00000230fe001480,
0x00000230fe0000d0, 0x000002308624dde0, 0x0000023089fdf130, 0x0000023089fe25b0,
0x000002308abc1ae0
}

Java Threads: ( => current thread )
  0x000002309e2f8b30 JavaThread "main"                              [_thread_in_vm, id=20084, stack(0x0000004ed2600000,0x0000004ed2700000) (1024K)]
  0x00000230bca10820 JavaThread "Reference Handler"          daemon [_thread_blocked, id=13892, stack(0x0000004ed2e00000,0x0000004ed2f00000) (1024K)]
  0x00000230bca11280 JavaThread "Finalizer"                  daemon [_thread_blocked, id=18700, stack(0x0000004ed2f00000,0x0000004ed3000000) (1024K)]
  0x00000230bca162f0 JavaThread "Signal Dispatcher"          daemon [_thread_blocked, id=15508, stack(0x0000004ed3000000,0x0000004ed3100000) (1024K)]
  0x00000230bca17100 JavaThread "Attach Listener"            daemon [_thread_blocked, id=8668, stack(0x0000004ed3100000,0x0000004ed3200000) (1024K)]
  0x00000230bca19b70 JavaThread "Service Thread"             daemon [_thread_blocked, id=11816, stack(0x0000004ed3200000,0x0000004ed3300000) (1024K)]
  0x00000230fe001b10 JavaThread "Monitor Deflation Thread"   daemon [_thread_blocked, id=6856, stack(0x0000004ed3300000,0x0000004ed3400000) (1024K)]
  0x00000230fe01e8c0 JavaThread "C2 CompilerThread0"         daemon [_thread_in_native, id=9184, stack(0x0000004ed3400000,0x0000004ed3500000) (1024K)]
  0x00000230fe028510 JavaThread "C1 CompilerThread0"         daemon [_thread_blocked, id=10576, stack(0x0000004ed3500000,0x0000004ed3600000) (1024K)]
  0x00000230fe000df0 JavaThread "Common-Cleaner"             daemon [_thread_blocked, id=544, stack(0x0000004ed3600000,0x0000004ed3700000) (1024K)]
  0x00000230fe0021a0 JavaThread "IntelliJ Suspend Helper"    daemon [_thread_blocked, id=17808, stack(0x0000004ed3700000,0x0000004ed3800000) (1024K)]
  0x00000230fe001480 JavaThread "Monitor Ctrl-Break"         daemon [_thread_in_native, id=17208, stack(0x0000004ed3800000,0x0000004ed3900000) (1024K)]
  0x00000230fe0000d0 JavaThread "Notification Thread"        daemon [_thread_blocked, id=20028, stack(0x0000004ed3900000,0x0000004ed3a00000) (1024K)]
  0x000002308624dde0 JavaThread "mysql-cj-abandoned-connection-cleanup" daemon [_thread_blocked, id=21468, stack(0x0000004ed3b00000,0x0000004ed3c00000) (1024K)]
  0x0000023089fdf130 JavaThread "HikariPool-1:housekeeper"   daemon [_thread_blocked, id=14344, stack(0x0000004ed4500000,0x0000004ed4600000) (1024K)]
  0x0000023089fe25b0 JavaThread "HikariPool-1:connection-adder" daemon [_thread_blocked, id=21424, stack(0x0000004ed4600000,0x0000004ed4700000) (1024K)]
=>0x000002308abc1ae0 JavaThread "C2 CompilerThread1"         daemon [_thread_in_native, id=18728, stack(0x0000004ed3a00000,0x0000004ed3b00000) (1024K)]
Total: 17

Other Threads:
  0x00000230bc9f02c0 VMThread "VM Thread"                           [id=14424, stack(0x0000004ed2d00000,0x0000004ed2e00000) (1024K)]
  0x00000230bc9dc070 WatcherThread "VM Periodic Task Thread"        [id=21340, stack(0x0000004ed2c00000,0x0000004ed2d00000) (1024K)]
  0x000002309e543520 WorkerThread "GC Thread#0"                     [id=2296, stack(0x0000004ed2700000,0x0000004ed2800000) (1024K)]
  0x00000230fefc40e0 WorkerThread "GC Thread#1"                     [id=8020, stack(0x0000004ed3c00000,0x0000004ed3d00000) (1024K)]
  0x00000230ff348590 WorkerThread "GC Thread#2"                     [id=9752, stack(0x0000004ed3d00000,0x0000004ed3e00000) (1024K)]
  0x00000230ff348930 WorkerThread "GC Thread#3"                     [id=2528, stack(0x0000004ed3e00000,0x0000004ed3f00000) (1024K)]
  0x00000230ff34c2f0 WorkerThread "GC Thread#4"                     [id=15800, stack(0x0000004ed3f00000,0x0000004ed4000000) (1024K)]
  0x00000230ff34c690 WorkerThread "GC Thread#5"                     [id=10860, stack(0x0000004ed4000000,0x0000004ed4100000) (1024K)]
  0x00000230ff34b470 WorkerThread "GC Thread#6"                     [id=11132, stack(0x0000004ed4100000,0x0000004ed4200000) (1024K)]
  0x00000230ff34b810 WorkerThread "GC Thread#7"                     [id=8852, stack(0x0000004ed4200000,0x0000004ed4300000) (1024K)]
  0x000002309e554c20 ConcurrentGCThread "G1 Main Marker"            [id=21460, stack(0x0000004ed2800000,0x0000004ed2900000) (1024K)]
  0x000002309e555630 WorkerThread "G1 Conc#0"                       [id=11768, stack(0x0000004ed2900000,0x0000004ed2a00000) (1024K)]
  0x000002308418a070 WorkerThread "G1 Conc#1"                       [id=20832, stack(0x0000004ed4300000,0x0000004ed4400000) (1024K)]
  0x00000230bc8b0ca0 ConcurrentGCThread "G1 Refine#0"               [id=19040, stack(0x0000004ed2a00000,0x0000004ed2b00000) (1024K)]
  0x00000230bc8b14c0 ConcurrentGCThread "G1 Service"                [id=3292, stack(0x0000004ed2b00000,0x0000004ed2c00000) (1024K)]
Total: 15

Threads with active compile tasks:
C2 CompilerThread0     8709 5532   !   4       org.springframework.core.annotation.AnnotationsScanner::processClassHierarchy (234 bytes)
C2 CompilerThread1     8709 5501       4       org.springframework.core.annotation.TypeMappedAnnotations::get (52 bytes)
Total: 2

VM state: not at safepoint (normal execution)

VM Mutex/Monitor currently owned by a thread: None

Heap address: 0x000000008ac00000, size: 1876 MB, Compressed Oops mode: 32-bit

CDS archive(s) mapped at: [0x00000230bd000000-0x00000230bdc90000-0x00000230bdc90000), size 13172736, SharedBaseAddress: 0x00000230bd000000, ArchiveRelocationMode: 1.
Compressed class space mapped at: 0x00000230be000000-0x00000230fe000000, reserved size: 1073741824
Narrow klass base: 0x00000230bd000000, Narrow klass shift: 0, Narrow klass range: 0x100000000

GC Precious Log:
 CardTable entry size: 512
 Card Set container configuration: InlinePtr #cards 5 size 8 Array Of Cards #cards 12 size 40 Howl #buckets 4 coarsen threshold 1843 Howl Bitmap #cards 512 size 80 coarsen threshold 460 Card regions per heap region 1 cards per card region 2048
 CPUs: 8 total, 8 available
 Memory: 7502M
 Large Page Support: Disabled
 NUMA Support: Disabled
 Compressed Oops: Enabled (32-bit)
 Heap Region Size: 1M
 Heap Min Capacity: 8M
 Heap Initial Capacity: 118M
 Heap Max Capacity: 1876M
 Pre-touch: Disabled
 Parallel Workers: 8
 Concurrent Workers: 2
 Concurrent Refinement Workers: 8
 Periodic GC: Disabled

Heap:
 garbage-first heap   total 73728K, used 45305K [0x000000008ac00000, 0x0000000100000000)
  region size 1024K, 23 young (23552K), 4 survivors (4096K)
 Metaspace       used 72684K, committed 73280K, reserved 1114112K
  class space    used 9860K, committed 10112K, reserved 1048576K

Heap Regions: E=young(eden), S=young(survivor), O=old, HS=humongous(starts), HC=humongous(continues), CS=collection set, F=free, TAMS=top-at-mark-start, PB=parsable bottom
|   0|0x000000008ac00000, 0x000000008ad00000, 0x000000008ad00000|100%|HS|  |TAMS 0x000000008ac00000| PB 0x000000008ac00000| Complete 
|   1|0x000000008ad00000, 0x000000008ae00000, 0x000000008ae00000|100%|HS|  |TAMS 0x000000008ad00000| PB 0x000000008ad00000| Complete 
|   2|0x000000008ae00000, 0x000000008af00000, 0x000000008af00000|100%| O|  |TAMS 0x000000008ae00000| PB 0x000000008ae00000| Untracked 
|   3|0x000000008af00000, 0x000000008b000000, 0x000000008b000000|100%| O|  |TAMS 0x000000008af00000| PB 0x000000008af00000| Untracked 
|   4|0x000000008b000000, 0x000000008b100000, 0x000000008b100000|100%| O|  |TAMS 0x000000008b000000| PB 0x000000008b000000| Untracked 
|   5|0x000000008b100000, 0x000000008b200000, 0x000000008b200000|100%| O|  |TAMS 0x000000008b100000| PB 0x000000008b100000| Untracked 
|   6|0x000000008b200000, 0x000000008b300000, 0x000000008b300000|100%| O|  |TAMS 0x000000008b200000| PB 0x000000008b200000| Untracked 
|   7|0x000000008b300000, 0x000000008b400000, 0x000000008b400000|100%| O|  |TAMS 0x000000008b300000| PB 0x000000008b300000| Untracked 
|   8|0x000000008b400000, 0x000000008b500000, 0x000000008b500000|100%| O|  |TAMS 0x000000008b400000| PB 0x000000008b400000| Untracked 
|   9|0x000000008b500000, 0x000000008b600000, 0x000000008b600000|100%| O|  |TAMS 0x000000008b500000| PB 0x000000008b500000| Untracked 
|  10|0x000000008b600000, 0x000000008b700000, 0x000000008b700000|100%| O|  |TAMS 0x000000008b600000| PB 0x000000008b600000| Untracked 
|  11|0x000000008b700000, 0x000000008b800000, 0x000000008b800000|100%| O|  |TAMS 0x000000008b700000| PB 0x000000008b700000| Untracked 
|  12|0x000000008b800000, 0x000000008b900000, 0x000000008b900000|100%| O|Cm|TAMS 0x000000008b800000| PB 0x000000008b800000| Complete 
|  13|0x000000008b900000, 0x000000008ba00000, 0x000000008ba00000|100%| O|  |TAMS 0x000000008b900000| PB 0x000000008b900000| Untracked 
|  14|0x000000008ba00000, 0x000000008bb00000, 0x000000008bb00000|100%| O|  |TAMS 0x000000008ba00000| PB 0x000000008ba00000| Untracked 
|  15|0x000000008bb00000, 0x000000008bc00000, 0x000000008bc00000|100%| O|  |TAMS 0x000000008bb00000| PB 0x000000008bb00000| Untracked 
|  16|0x000000008bc00000, 0x000000008bd00000, 0x000000008bd00000|100%| O|  |TAMS 0x000000008bc00000| PB 0x000000008bc00000| Untracked 
|  17|0x000000008bd00000, 0x000000008be00000, 0x000000008be00000|100%| O|  |TAMS 0x000000008bd00000| PB 0x000000008bd00000| Untracked 
|  18|0x000000008be00000, 0x000000008bf00000, 0x000000008bf00000|100%| O|  |TAMS 0x000000008be00000| PB 0x000000008be00000| Untracked 
|  19|0x000000008bf00000, 0x000000008c000000, 0x000000008c000000|100%| O|  |TAMS 0x000000008bf00000| PB 0x000000008bf00000| Untracked 
|  20|0x000000008c000000, 0x000000008c100000, 0x000000008c100000|100%| O|  |TAMS 0x000000008c000000| PB 0x000000008c000000| Untracked 
|  21|0x000000008c100000, 0x000000008c100000, 0x000000008c200000|  0%| F|  |TAMS 0x000000008c100000| PB 0x000000008c100000| Untracked 
|  22|0x000000008c200000, 0x000000008c200000, 0x000000008c300000|  0%| F|  |TAMS 0x000000008c200000| PB 0x000000008c200000| Untracked 
|  23|0x000000008c300000, 0x000000008c300000, 0x000000008c400000|  0%| F|  |TAMS 0x000000008c300000| PB 0x000000008c300000| Untracked 
|  24|0x000000008c400000, 0x000000008c400000, 0x000000008c500000|  0%| F|  |TAMS 0x000000008c400000| PB 0x000000008c400000| Untracked 
|  25|0x000000008c500000, 0x000000008c600000, 0x000000008c600000|100%| O|  |TAMS 0x000000008c500000| PB 0x000000008c500000| Untracked 
|  26|0x000000008c600000, 0x000000008c6b28c8, 0x000000008c700000| 69%| O|  |TAMS 0x000000008c600000| PB 0x000000008c600000| Untracked 
|  27|0x000000008c700000, 0x000000008c700000, 0x000000008c800000|  0%| F|  |TAMS 0x000000008c700000| PB 0x000000008c700000| Untracked 
|  28|0x000000008c800000, 0x000000008c800000, 0x000000008c900000|  0%| F|  |TAMS 0x000000008c800000| PB 0x000000008c800000| Untracked 
|  29|0x000000008c900000, 0x000000008c98bc80, 0x000000008ca00000| 54%| S|CS|TAMS 0x000000008c900000| PB 0x000000008c900000| Complete 
|  30|0x000000008ca00000, 0x000000008cb00000, 0x000000008cb00000|100%| S|CS|TAMS 0x000000008ca00000| PB 0x000000008ca00000| Complete 
|  31|0x000000008cb00000, 0x000000008cc00000, 0x000000008cc00000|100%| S|CS|TAMS 0x000000008cb00000| PB 0x000000008cb00000| Complete 
|  32|0x000000008cc00000, 0x000000008cd00000, 0x000000008cd00000|100%| S|CS|TAMS 0x000000008cc00000| PB 0x000000008cc00000| Complete 
|  33|0x000000008cd00000, 0x000000008cd00000, 0x000000008ce00000|  0%| F|  |TAMS 0x000000008cd00000| PB 0x000000008cd00000| Untracked 
|  34|0x000000008ce00000, 0x000000008ce00000, 0x000000008cf00000|  0%| F|  |TAMS 0x000000008ce00000| PB 0x000000008ce00000| Untracked 
|  35|0x000000008cf00000, 0x000000008cf00000, 0x000000008d000000|  0%| F|  |TAMS 0x000000008cf00000| PB 0x000000008cf00000| Untracked 
|  36|0x000000008d000000, 0x000000008d000000, 0x000000008d100000|  0%| F|  |TAMS 0x000000008d000000| PB 0x000000008d000000| Untracked 
|  37|0x000000008d100000, 0x000000008d100000, 0x000000008d200000|  0%| F|  |TAMS 0x000000008d100000| PB 0x000000008d100000| Untracked 
|  38|0x000000008d200000, 0x000000008d200000, 0x000000008d300000|  0%| F|  |TAMS 0x000000008d200000| PB 0x000000008d200000| Untracked 
|  39|0x000000008d300000, 0x000000008d300000, 0x000000008d400000|  0%| F|  |TAMS 0x000000008d300000| PB 0x000000008d300000| Untracked 
|  40|0x000000008d400000, 0x000000008d400000, 0x000000008d500000|  0%| F|  |TAMS 0x000000008d400000| PB 0x000000008d400000| Untracked 
|  41|0x000000008d500000, 0x000000008d500000, 0x000000008d600000|  0%| F|  |TAMS 0x000000008d500000| PB 0x000000008d500000| Untracked 
|  42|0x000000008d600000, 0x000000008d600000, 0x000000008d700000|  0%| F|  |TAMS 0x000000008d600000| PB 0x000000008d600000| Untracked 
|  43|0x000000008d700000, 0x000000008d700000, 0x000000008d800000|  0%| F|  |TAMS 0x000000008d700000| PB 0x000000008d700000| Untracked 
|  44|0x000000008d800000, 0x000000008d800000, 0x000000008d900000|  0%| F|  |TAMS 0x000000008d800000| PB 0x000000008d800000| Untracked 
|  45|0x000000008d900000, 0x000000008d900000, 0x000000008da00000|  0%| F|  |TAMS 0x000000008d900000| PB 0x000000008d900000| Untracked 
|  46|0x000000008da00000, 0x000000008da00000, 0x000000008db00000|  0%| F|  |TAMS 0x000000008da00000| PB 0x000000008da00000| Untracked 
|  47|0x000000008db00000, 0x000000008db00000, 0x000000008dc00000|  0%| F|  |TAMS 0x000000008db00000| PB 0x000000008db00000| Untracked 
|  48|0x000000008dc00000, 0x000000008dc00000, 0x000000008dd00000|  0%| F|  |TAMS 0x000000008dc00000| PB 0x000000008dc00000| Untracked 
|  49|0x000000008dd00000, 0x000000008dd00000, 0x000000008de00000|  0%| F|  |TAMS 0x000000008dd00000| PB 0x000000008dd00000| Untracked 
|  50|0x000000008de00000, 0x000000008de00000, 0x000000008df00000|  0%| F|  |TAMS 0x000000008de00000| PB 0x000000008de00000| Untracked 
|  51|0x000000008df00000, 0x000000008df00000, 0x000000008e000000|  0%| F|  |TAMS 0x000000008df00000| PB 0x000000008df00000| Untracked 
|  52|0x000000008e000000, 0x000000008e000000, 0x000000008e100000|  0%| F|  |TAMS 0x000000008e000000| PB 0x000000008e000000| Untracked 
|  53|0x000000008e100000, 0x000000008e200000, 0x000000008e200000|100%| E|  |TAMS 0x000000008e100000| PB 0x000000008e100000| Complete 
|  54|0x000000008e200000, 0x000000008e300000, 0x000000008e300000|100%| E|CS|TAMS 0x000000008e200000| PB 0x000000008e200000| Complete 
|  55|0x000000008e300000, 0x000000008e400000, 0x000000008e400000|100%| E|CS|TAMS 0x000000008e300000| PB 0x000000008e300000| Complete 
|  56|0x000000008e400000, 0x000000008e500000, 0x000000008e500000|100%| E|CS|TAMS 0x000000008e400000| PB 0x000000008e400000| Complete 
|  57|0x000000008e500000, 0x000000008e600000, 0x000000008e600000|100%| E|CS|TAMS 0x000000008e500000| PB 0x000000008e500000| Complete 
|  58|0x000000008e600000, 0x000000008e700000, 0x000000008e700000|100%| E|CS|TAMS 0x000000008e600000| PB 0x000000008e600000| Complete 
|  59|0x000000008e700000, 0x000000008e800000, 0x000000008e800000|100%| E|CS|TAMS 0x000000008e700000| PB 0x000000008e700000| Complete 
|  60|0x000000008e800000, 0x000000008e900000, 0x000000008e900000|100%| E|CS|TAMS 0x000000008e800000| PB 0x000000008e800000| Complete 
|  61|0x000000008e900000, 0x000000008ea00000, 0x000000008ea00000|100%| E|CS|TAMS 0x000000008e900000| PB 0x000000008e900000| Complete 
|  62|0x000000008ea00000, 0x000000008eb00000, 0x000000008eb00000|100%| E|CS|TAMS 0x000000008ea00000| PB 0x000000008ea00000| Complete 
|  63|0x000000008eb00000, 0x000000008ec00000, 0x000000008ec00000|100%| E|CS|TAMS 0x000000008eb00000| PB 0x000000008eb00000| Complete 
|  64|0x000000008ec00000, 0x000000008ed00000, 0x000000008ed00000|100%| E|CS|TAMS 0x000000008ec00000| PB 0x000000008ec00000| Complete 
|  80|0x000000008fc00000, 0x000000008fd00000, 0x000000008fd00000|100%| E|CS|TAMS 0x000000008fc00000| PB 0x000000008fc00000| Complete 
|  81|0x000000008fd00000, 0x000000008fe00000, 0x000000008fe00000|100%| E|CS|TAMS 0x000000008fd00000| PB 0x000000008fd00000| Complete 
|  82|0x000000008fe00000, 0x000000008ff00000, 0x000000008ff00000|100%| E|CS|TAMS 0x000000008fe00000| PB 0x000000008fe00000| Complete 
|  83|0x000000008ff00000, 0x0000000090000000, 0x0000000090000000|100%| E|CS|TAMS 0x000000008ff00000| PB 0x000000008ff00000| Complete 
|  87|0x0000000090300000, 0x0000000090400000, 0x0000000090400000|100%| E|CS|TAMS 0x0000000090300000| PB 0x0000000090300000| Complete 
| 116|0x0000000092000000, 0x0000000092100000, 0x0000000092100000|100%| E|CS|TAMS 0x0000000092000000| PB 0x0000000092000000| Complete 
| 117|0x0000000092100000, 0x0000000092200000, 0x0000000092200000|100%| E|CS|TAMS 0x0000000092100000| PB 0x0000000092100000| Complete 

Card table byte_map: [0x00000230b7f30000,0x00000230b82e0000] _byte_map_base: 0x00000230b7ada000

Marking Bits: (CMBitMap*) 0x000002309e543a30
 Bits: [0x00000230b82e0000, 0x00000230ba030000)

Polling page: 0x000002309e5a0000

Metaspace:

Usage:
  Non-class:     61.37 MB used.
      Class:      9.63 MB used.
       Both:     71.00 MB used.

Virtual space:
  Non-class space:       64.00 MB reserved,      61.69 MB ( 96%) committed,  1 nodes.
      Class space:        1.00 GB reserved,       9.88 MB ( <1%) committed,  1 nodes.
             Both:        1.06 GB reserved,      71.56 MB (  7%) committed. 

Chunk freelists:
   Non-Class:  2.00 MB
       Class:  6.07 MB
        Both:  8.07 MB

MaxMetaspaceSize: unlimited
CompressedClassSpaceSize: 1.00 GB
Initial GC threshold: 21.00 MB
Current GC threshold: 98.88 MB
CDS: on
 - commit_granule_bytes: 65536.
 - commit_granule_words: 8192.
 - virtual_space_node_default_size: 8388608.
 - enlarge_chunks_in_place: 1.
 - use_allocation_guard: 0.


Internal statistics:

num_allocs_failed_limit: 9.
num_arena_births: 832.
num_arena_deaths: 0.
num_vsnodes_births: 2.
num_vsnodes_deaths: 0.
num_space_committed: 1145.
num_space_uncommitted: 0.
num_chunks_returned_to_freelist: 9.
num_chunks_taken_from_freelist: 3102.
num_chunk_merges: 9.
num_chunk_splits: 2288.
num_chunks_enlarged: 1857.
num_inconsistent_stats: 0.

CodeHeap 'non-profiled nmethods': size=120000Kb used=3040Kb max_used=3040Kb free=116959Kb
 bounds [0x00000230afbf0000, 0x00000230afef0000, 0x00000230b7120000]
CodeHeap 'profiled nmethods': size=120000Kb used=9742Kb max_used=9742Kb free=110257Kb
 bounds [0x00000230a8120000, 0x00000230a8ab0000, 0x00000230af650000]
CodeHeap 'non-nmethods': size=5760Kb used=1702Kb max_used=1731Kb free=4057Kb
 bounds [0x00000230af650000, 0x00000230af8c0000, 0x00000230afbf0000]
 total_blobs=5692 nmethods=4964 adapters=632
 compilation: enabled
              stopped_count=0, restarted_count=0
 full_count=0

Compilation events (20 events):
Event: 8.655 Thread 0x00000230fe028510 5567       3       java.util.stream.ReferencePipeline$7$1::cancellationRequested (15 bytes)
Event: 8.655 Thread 0x00000230fe028510 nmethod 5567 0x00000230a86a4f90 code [0x00000230a86a5140, 0x00000230a86a5320]
Event: 8.658 Thread 0x00000230fe028510 5568       3       java.util.HashMap::values (25 bytes)
Event: 8.658 Thread 0x00000230fe028510 nmethod 5568 0x00000230a81cfe90 code [0x00000230a81d0060, 0x00000230a81d03e0]
Event: 8.660 Thread 0x00000230fe028510 5569       3       java.util.stream.AbstractPipeline::close (48 bytes)
Event: 8.660 Thread 0x00000230fe028510 nmethod 5569 0x00000230a8502910 code [0x00000230a8502ac0, 0x00000230a8502d70]
Event: 8.660 Thread 0x00000230fe028510 5570   !   3       java.util.stream.ReferencePipeline$7$1::accept (127 bytes)
Event: 8.660 Thread 0x00000230fe028510 nmethod 5570 0x00000230a879f590 code [0x00000230a879f820, 0x00000230a87a07c8]
Event: 8.660 Thread 0x00000230fe028510 5571       3       java.util.stream.AbstractPipeline::sequential (10 bytes)
Event: 8.660 Thread 0x00000230fe028510 nmethod 5571 0x00000230a85cbc90 code [0x00000230a85cbe20, 0x00000230a85cbf38]
Event: 8.660 Thread 0x00000230fe028510 5572       3       org.springframework.core.annotation.AttributeMethods$$Lambda/0x00000230be1d3a88::compare (12 bytes)
Event: 8.661 Thread 0x00000230fe028510 nmethod 5572 0x00000230a81cf690 code [0x00000230a81cf860, 0x00000230a81cfd08]
Event: 8.661 Thread 0x00000230fe028510 5573       3       org.springframework.core.SerializableTypeWrapper::unwrap (36 bytes)
Event: 8.661 Thread 0x00000230fe028510 nmethod 5573 0x00000230a8673590 code [0x00000230a8673760, 0x00000230a8673cb0]
Event: 8.661 Thread 0x00000230fe028510 5574       3       java.util.Spliterators$EmptySpliterator$OfRef::tryAdvance (6 bytes)
Event: 8.661 Thread 0x00000230fe028510 nmethod 5574 0x00000230a8672e10 code [0x00000230a8672fe0, 0x00000230a86732b0]
Event: 8.661 Thread 0x00000230fe028510 5575       3       java.util.Spliterators$EmptySpliterator::tryAdvance (7 bytes)
Event: 8.662 Thread 0x00000230fe028510 nmethod 5575 0x00000230a879f090 code [0x00000230a879f240, 0x00000230a879f4b0]
Event: 8.690 Thread 0x00000230fe01e8c0 nmethod 5538 0x00000230afee1710 code [0x00000230afee1ca0, 0x00000230afee5620]
Event: 8.690 Thread 0x00000230fe01e8c0 5532   !   4       org.springframework.core.annotation.AnnotationsScanner::processClassHierarchy (234 bytes)

GC Heap History (20 events):
Event: 3.112 GC heap before
{Heap before GC invocations=2 (full 0):
 garbage-first heap   total 120832K, used 40277K [0x000000008ac00000, 0x0000000100000000)
  region size 1024K, 33 young (33792K), 3 survivors (3072K)
 Metaspace       used 21105K, committed 21504K, reserved 1114112K
  class space    used 2639K, committed 2816K, reserved 1048576K
}
Event: 3.119 GC heap after
{Heap after GC invocations=3 (full 0):
 garbage-first heap   total 120832K, used 12494K [0x000000008ac00000, 0x0000000100000000)
  region size 1024K, 5 young (5120K), 5 survivors (5120K)
 Metaspace       used 21105K, committed 21504K, reserved 1114112K
  class space    used 2639K, committed 2816K, reserved 1048576K
}
Event: 3.423 GC heap before
{Heap before GC invocations=4 (full 0):
 garbage-first heap   total 51200K, used 38094K [0x000000008ac00000, 0x0000000100000000)
  region size 1024K, 30 young (30720K), 5 survivors (5120K)
 Metaspace       used 26613K, committed 27072K, reserved 1114112K
  class space    used 3313K, committed 3520K, reserved 1048576K
}
Event: 3.431 GC heap after
{Heap after GC invocations=5 (full 0):
 garbage-first heap   total 51200K, used 13923K [0x000000008ac00000, 0x0000000100000000)
  region size 1024K, 4 young (4096K), 4 survivors (4096K)
 Metaspace       used 26613K, committed 27072K, reserved 1114112K
  class space    used 3313K, committed 3520K, reserved 1048576K
}
Event: 3.834 GC heap before
{Heap before GC invocations=5 (full 0):
 garbage-first heap   total 51200K, used 38499K [0x000000008ac00000, 0x0000000100000000)
  region size 1024K, 29 young (29696K), 4 survivors (4096K)
 Metaspace       used 31011K, committed 31488K, reserved 1114112K
  class space    used 3831K, committed 4032K, reserved 1048576K
}
Event: 3.844 GC heap after
{Heap after GC invocations=6 (full 0):
 garbage-first heap   total 51200K, used 16256K [0x000000008ac00000, 0x0000000100000000)
  region size 1024K, 4 young (4096K), 4 survivors (4096K)
 Metaspace       used 31011K, committed 31488K, reserved 1114112K
  class space    used 3831K, committed 4032K, reserved 1048576K
}
Event: 4.348 GC heap before
{Heap before GC invocations=6 (full 0):
 garbage-first heap   total 51200K, used 40832K [0x000000008ac00000, 0x0000000100000000)
  region size 1024K, 28 young (28672K), 4 survivors (4096K)
 Metaspace       used 34148K, committed 34688K, reserved 1114112K
  class space    used 4308K, committed 4544K, reserved 1048576K
}
Event: 4.355 GC heap after
{Heap after GC invocations=7 (full 0):
 garbage-first heap   total 51200K, used 18146K [0x000000008ac00000, 0x0000000100000000)
  region size 1024K, 2 young (2048K), 2 survivors (2048K)
 Metaspace       used 34148K, committed 34688K, reserved 1114112K
  class space    used 4308K, committed 4544K, reserved 1048576K
}
Event: 4.738 GC heap before
{Heap before GC invocations=7 (full 0):
 garbage-first heap   total 51200K, used 30434K [0x000000008ac00000, 0x0000000100000000)
  region size 1024K, 15 young (15360K), 2 survivors (2048K)
 Metaspace       used 35826K, committed 36288K, reserved 1114112K
  class space    used 4543K, committed 4736K, reserved 1048576K
}
Event: 4.745 GC heap after
{Heap after GC invocations=8 (full 0):
 garbage-first heap   total 61440K, used 19456K [0x000000008ac00000, 0x0000000100000000)
  region size 1024K, 3 young (3072K), 3 survivors (3072K)
 Metaspace       used 35826K, committed 36288K, reserved 1114112K
  class space    used 4543K, committed 4736K, reserved 1048576K
}
Event: 5.687 GC heap before
{Heap before GC invocations=9 (full 0):
 garbage-first heap   total 61440K, used 52224K [0x000000008ac00000, 0x0000000100000000)
  region size 1024K, 35 young (35840K), 3 survivors (3072K)
 Metaspace       used 42290K, committed 42816K, reserved 1114112K
  class space    used 5646K, committed 5888K, reserved 1048576K
}
Event: 5.698 GC heap after
{Heap after GC invocations=10 (full 0):
 garbage-first heap   total 61440K, used 21504K [0x000000008ac00000, 0x0000000100000000)
  region size 1024K, 5 young (5120K), 5 survivors (5120K)
 Metaspace       used 42290K, committed 42816K, reserved 1114112K
  class space    used 5646K, committed 5888K, reserved 1048576K
}
Event: 6.493 GC heap before
{Heap before GC invocations=10 (full 0):
 garbage-first heap   total 61440K, used 52224K [0x000000008ac00000, 0x0000000100000000)
  region size 1024K, 35 young (35840K), 5 survivors (5120K)
 Metaspace       used 48921K, committed 49536K, reserved 1114112K
  class space    used 6630K, committed 6912K, reserved 1048576K
}
Event: 6.510 GC heap after
{Heap after GC invocations=11 (full 0):
 garbage-first heap   total 61440K, used 23361K [0x000000008ac00000, 0x0000000100000000)
  region size 1024K, 5 young (5120K), 5 survivors (5120K)
 Metaspace       used 48921K, committed 49536K, reserved 1114112K
  class space    used 6630K, committed 6912K, reserved 1048576K
}
Event: 7.332 GC heap before
{Heap before GC invocations=11 (full 0):
 garbage-first heap   total 61440K, used 52033K [0x000000008ac00000, 0x0000000100000000)
  region size 1024K, 34 young (34816K), 5 survivors (5120K)
 Metaspace       used 58397K, committed 58944K, reserved 1114112K
  class space    used 7755K, committed 8000K, reserved 1048576K
}
Event: 7.342 GC heap after
{Heap after GC invocations=12 (full 0):
 garbage-first heap   total 61440K, used 25468K [0x000000008ac00000, 0x0000000100000000)
  region size 1024K, 5 young (5120K), 5 survivors (5120K)
 Metaspace       used 58397K, committed 58944K, reserved 1114112K
  class space    used 7755K, committed 8000K, reserved 1048576K
}
Event: 7.501 GC heap before
{Heap before GC invocations=12 (full 0):
 garbage-first heap   total 61440K, used 33660K [0x000000008ac00000, 0x0000000100000000)
  region size 1024K, 14 young (14336K), 5 survivors (5120K)
 Metaspace       used 60041K, committed 60608K, reserved 1114112K
  class space    used 7935K, committed 8192K, reserved 1048576K
}
Event: 7.507 GC heap after
{Heap after GC invocations=13 (full 0):
 garbage-first heap   total 73728K, used 26112K [0x000000008ac00000, 0x0000000100000000)
  region size 1024K, 3 young (3072K), 3 survivors (3072K)
 Metaspace       used 60041K, committed 60608K, reserved 1114112K
  class space    used 7935K, committed 8192K, reserved 1048576K
}
Event: 8.246 GC heap before
{Heap before GC invocations=14 (full 0):
 garbage-first heap   total 73728K, used 61952K [0x000000008ac00000, 0x0000000100000000)
  region size 1024K, 39 young (39936K), 3 survivors (3072K)
 Metaspace       used 69250K, committed 69888K, reserved 1114112K
  class space    used 9380K, committed 9664K, reserved 1048576K
}
Event: 8.252 GC heap after
{Heap after GC invocations=15 (full 0):
 garbage-first heap   total 73728K, used 26873K [0x000000008ac00000, 0x0000000100000000)
  region size 1024K, 4 young (4096K), 4 survivors (4096K)
 Metaspace       used 69250K, committed 69888K, reserved 1114112K
  class space    used 9380K, committed 9664K, reserved 1048576K
}

Dll operation events (10 events):
Event: 0.016 Loaded shared library C:\Program Files\Java\jdk-21\bin\java.dll
Event: 0.018 Loaded shared library C:\Program Files\Java\jdk-21\bin\zip.dll
Event: 0.068 Loaded shared library C:\Program Files\Java\jdk-21\bin\jsvml.dll
Event: 0.248 Loaded shared library C:\Program Files\Java\jdk-21\bin\instrument.dll
Event: 0.303 Loaded shared library C:\Program Files\Java\jdk-21\bin\net.dll
Event: 0.306 Loaded shared library C:\Program Files\Java\jdk-21\bin\nio.dll
Event: 0.314 Loaded shared library C:\Program Files\Java\jdk-21\bin\zip.dll
Event: 0.343 Loaded shared library C:\Program Files\Java\jdk-21\bin\extnet.dll
Event: 0.543 Loaded shared library C:\Program Files\Java\jdk-21\bin\jimage.dll
Event: 3.582 Loaded shared library C:\Program Files\Java\jdk-21\bin\sunmscapi.dll

Deoptimization events (20 events):
Event: 8.386 Thread 0x000002309e2f8b30 Uncommon trap: trap_request=0xffffff45 fr.pc=0x00000230afec5790 relative=0x0000000000000070
Event: 8.386 Thread 0x000002309e2f8b30 Uncommon trap: reason=unstable_if action=reinterpret pc=0x00000230afec5790 method=java.lang.CharacterDataLatin1.equalsIgnoreCase(BB)Z @ 24 c2
Event: 8.386 Thread 0x000002309e2f8b30 DEOPT PACKING pc=0x00000230afec5790 sp=0x0000004ed26fa690
Event: 8.386 Thread 0x000002309e2f8b30 DEOPT UNPACKING pc=0x00000230af6a46a2 sp=0x0000004ed26fa610 mode 2
Event: 8.411 Thread 0x000002309e2f8b30 Uncommon trap: trap_request=0xffffff45 fr.pc=0x00000230afcb2578 relative=0x0000000000000678
Event: 8.411 Thread 0x000002309e2f8b30 Uncommon trap: reason=unstable_if action=reinterpret pc=0x00000230afcb2578 method=java.lang.Integer.stringSize(I)I @ 3 c2
Event: 8.411 Thread 0x000002309e2f8b30 DEOPT PACKING pc=0x00000230afcb2578 sp=0x0000004ed26faa20
Event: 8.411 Thread 0x000002309e2f8b30 DEOPT UNPACKING pc=0x00000230af6a46a2 sp=0x0000004ed26fa970 mode 2
Event: 8.473 Thread 0x000002309e2f8b30 Uncommon trap: trap_request=0xffffff45 fr.pc=0x00000230afded42c relative=0x000000000000314c
Event: 8.473 Thread 0x000002309e2f8b30 Uncommon trap: reason=unstable_if action=reinterpret pc=0x00000230afded42c method=org.springframework.beans.factory.support.AbstractBeanFactory.isTypeMatch(Ljava/lang/String;Lorg/springframework/core/ResolvableType;Z)Z @ 69 c2
Event: 8.473 Thread 0x000002309e2f8b30 DEOPT PACKING pc=0x00000230afded42c sp=0x0000004ed26f9860
Event: 8.473 Thread 0x000002309e2f8b30 DEOPT UNPACKING pc=0x00000230af6a46a2 sp=0x0000004ed26f9828 mode 2
Event: 8.479 Thread 0x000002309e2f8b30 Uncommon trap: trap_request=0xfffffff4 fr.pc=0x00000230afc0a9fc relative=0x000000000000033c
Event: 8.479 Thread 0x000002309e2f8b30 Uncommon trap: reason=null_check action=make_not_entrant pc=0x00000230afc0a9fc method=sun.invoke.util.VerifyType.isNullConversion(Ljava/lang/Class;Ljava/lang/Class;Z)Z @ 67 c2
Event: 8.479 Thread 0x000002309e2f8b30 DEOPT PACKING pc=0x00000230afc0a9fc sp=0x0000004ed26f8e80
Event: 8.479 Thread 0x000002309e2f8b30 DEOPT UNPACKING pc=0x00000230af6a46a2 sp=0x0000004ed26f8e00 mode 2
Event: 8.513 Thread 0x000002309e2f8b30 Uncommon trap: trap_request=0xffffff45 fr.pc=0x00000230afe3b060 relative=0x00000000000009a0
Event: 8.513 Thread 0x000002309e2f8b30 Uncommon trap: reason=unstable_if action=reinterpret pc=0x00000230afe3b060 method=java.util.WeakHashMap.put(Ljava/lang/Object;Ljava/lang/Object;)Ljava/lang/Object; @ 146 c2
Event: 8.513 Thread 0x000002309e2f8b30 DEOPT PACKING pc=0x00000230afe3b060 sp=0x0000004ed26f8740
Event: 8.513 Thread 0x000002309e2f8b30 DEOPT UNPACKING pc=0x00000230af6a46a2 sp=0x0000004ed26f8718 mode 2

Classes loaded (20 events):
Event: 8.688 Loading class org/springframework/data/jpa/repository/support/SimpleJpaRepository
Event: 8.688 Loading class org/springframework/data/jpa/repository/support/SimpleJpaRepository done
Event: 8.688 Loading class org/springframework/data/jpa/repository/support/JpaEntityInformation
Event: 8.688 Loading class org/springframework/data/jpa/repository/support/JpaEntityInformation done
Event: 8.689 Loading class org/springframework/data/jpa/projection/CollectionAwareProjectionFactory
Event: 8.689 Loading class org/springframework/data/jpa/projection/CollectionAwareProjectionFactory done
Event: 8.689 Loading class org/springframework/data/repository/core/support/RepositoryFragment$ImplementedRepositoryFragment
Event: 8.689 Loading class org/springframework/data/repository/core/support/RepositoryFragment$ImplementedRepositoryFragment done
Event: 8.690 Loading class org/springframework/data/repository/core/support/RepositoryFactorySupport$RepositoryValidator
Event: 8.690 Loading class org/springframework/data/repository/core/support/RepositoryFactorySupport$RepositoryValidator done
Event: 8.690 Loading class org/springframework/data/repository/core/support/IncompleteRepositoryCompositionException
Event: 8.690 Loading class org/springframework/data/repository/core/support/IncompleteRepositoryCompositionException done
Event: 8.690 Loading class org/springframework/data/repository/core/RepositoryCreationException
Event: 8.690 Loading class org/springframework/data/repository/core/RepositoryCreationException done
Event: 8.691 Loading class org/springframework/data/repository/core/support/UnsupportedFragmentException
Event: 8.691 Loading class org/springframework/data/repository/core/support/UnsupportedFragmentException done
Event: 8.691 Loading class org/springframework/data/querydsl/QuerydslPredicateExecutor
Event: 8.691 Loading class org/springframework/data/querydsl/QuerydslPredicateExecutor done
Event: 8.692 Loading class org/springframework/data/querydsl/ReactiveQuerydslPredicateExecutor
Event: 8.692 Loading class org/springframework/data/querydsl/ReactiveQuerydslPredicateExecutor done

Classes unloaded (0 events):
No events

Classes redefined (1 events):
Event: 0.282 Thread 0x00000230bc9f02c0 redefined class name=java.lang.Throwable, count=1

Internal exceptions (20 events):
Event: 6.990 Thread 0x000002309e2f8b30 Exception <a 'java/lang/NoSuchMethodError'{0x000000008d999ac8}: 'java.lang.Object java.lang.invoke.DirectMethodHandle$Holder.invokeStaticInit(java.lang.Object, java.lang.Object, java.lang.Object, java.lang.Object)'> (0x000000008d999ac8) 
thrown [s\open\src\hotspot\share\interpreter\linkResolver.cpp, line 773]
Event: 7.007 Thread 0x000002309e2f8b30 Exception <a 'java/lang/NoSuchMethodError'{0x000000008d869b08}: 'int java.lang.invoke.Invokers$Holder.invokeExact_MT(java.lang.Object, java.lang.Object)'> (0x000000008d869b08) 
thrown [s\open\src\hotspot\share\interpreter\linkResolver.cpp, line 773]
Event: 7.053 Thread 0x000002309e2f8b30 Exception <a 'java/lang/NoSuchMethodError'{0x000000008d65f290}: 'java.lang.Object java.lang.invoke.DirectMethodHandle$Holder.newInvokeSpecial(java.lang.Object, java.lang.Object, java.lang.Object, java.lang.Object, java.lang.Object, int, java.lang.Object)'> (0x000000008d65f290) 
thrown [s\open\src\hotspot\share\interpreter\linkResolver.cpp, line 773]
Event: 7.189 Thread 0x000002309e2f8b30 Exception <a 'java/lang/NoSuchMethodError'{0x000000008d1a54a8}: 'java.lang.Object java.lang.invoke.DirectMethodHandle$Holder.newInvokeSpecial(java.lang.Object, java.lang.Object, java.lang.Object, int)'> (0x000000008d1a54a8) 
thrown [s\open\src\hotspot\share\interpreter\linkResolver.cpp, line 773]
Event: 7.190 Thread 0x000002309e2f8b30 Exception <a 'java/lang/NoSuchMethodError'{0x000000008d1a9a98}: 'java.lang.Object java.lang.invoke.DirectMethodHandle$Holder.invokeSpecial(java.lang.Object, java.lang.Object, java.lang.Object, java.lang.Object, int)'> (0x000000008d1a9a98) 
thrown [s\open\src\hotspot\share\interpreter\linkResolver.cpp, line 773]
Event: 7.191 Thread 0x000002309e2f8b30 Exception <a 'java/lang/NoSuchMethodError'{0x000000008d1ad768}: 'java.lang.Object java.lang.invoke.Invokers$Holder.linkToTargetMethod(java.lang.Object, java.lang.Object, int, java.lang.Object)'> (0x000000008d1ad768) 
thrown [s\open\src\hotspot\share\interpreter\linkResolver.cpp, line 773]
Event: 7.615 Thread 0x000002309e2f8b30 Exception <a 'java/lang/IncompatibleClassChangeError'{0x000000008fff6ee8}: Found class java.lang.Object, but interface was expected> (0x000000008fff6ee8) 
thrown [s\open\src\hotspot\share\interpreter\linkResolver.cpp, line 840]
Event: 7.641 Thread 0x000002309e2f8b30 Exception <a 'java/lang/NoSuchMethodError'{0x000000008fd1e688}: 'java.lang.Object java.lang.invoke.DirectMethodHandle$Holder.invokeStatic(java.lang.Object, java.lang.Object, int, java.lang.Object)'> (0x000000008fd1e688) 
thrown [s\open\src\hotspot\share\interpreter\linkResolver.cpp, line 773]
Event: 7.641 Thread 0x000002309e2f8b30 Exception <a 'java/lang/NoSuchMethodError'{0x000000008fd22680}: 'java.lang.Object java.lang.invoke.DirectMethodHandle$Holder.invokeStaticInit(java.lang.Object, java.lang.Object, int, java.lang.Object)'> (0x000000008fd22680) 
thrown [s\open\src\hotspot\share\interpreter\linkResolver.cpp, line 773]
Event: 8.149 Thread 0x000002309e2f8b30 Exception <a 'java/lang/NoSuchMethodError'{0x000000008d2515b8}: 'void java.lang.invoke.DirectMethodHandle$Holder.invokeStatic(java.lang.Object, java.lang.Object, java.lang.Object, int, java.lang.Object)'> (0x000000008d2515b8) 
thrown [s\open\src\hotspot\share\interpreter\linkResolver.cpp, line 773]
Event: 8.150 Thread 0x000002309e2f8b30 Exception <a 'java/lang/NoSuchMethodError'{0x000000008d25fa80}: 'void java.lang.invoke.DirectMethodHandle$Holder.invokeInterface(java.lang.Object, java.lang.Object, int, java.lang.Object)'> (0x000000008d25fa80) 
thrown [s\open\src\hotspot\share\interpreter\linkResolver.cpp, line 773]
Event: 8.156 Thread 0x000002309e2f8b30 Exception <a 'java/lang/NoSuchMethodError'{0x000000008d2a52d0}: 'java.lang.Object java.lang.invoke.DirectMethodHandle$Holder.newInvokeSpecial(java.lang.Object, java.lang.Object, int, java.lang.Object)'> (0x000000008d2a52d0) 
thrown [s\open\src\hotspot\share\interpreter\linkResolver.cpp, line 773]
Event: 8.176 Thread 0x000002309e2f8b30 Exception <a 'java/lang/NoSuchMethodError'{0x000000008d1aac30}: 'void java.lang.invoke.DirectMethodHandle$Holder.invokeSpecial(java.lang.Object, java.lang.Object, java.lang.Object, java.lang.Object, java.lang.Object, java.lang.Object, java.lang.Object, java.lang.Object)'> (0x000000008d1aac30) 
thrown [s\open\src\hotspot\share\interpreter\linkResolver.cpp, line 773]
Event: 8.182 Thread 0x000002309e2f8b30 Exception <a 'java/lang/NoSuchMethodError'{0x000000008d1f2aa8}: 'void java.lang.invoke.DirectMethodHandle$Holder.invokeSpecial(java.lang.Object, java.lang.Object, int, java.lang.Object)'> (0x000000008d1f2aa8) 
thrown [s\open\src\hotspot\share\interpreter\linkResolver.cpp, line 773]
Event: 8.208 Thread 0x000002309e2f8b30 Exception <a 'java/lang/NoSuchMethodError'{0x000000008cfc01f0}: 'int java.lang.invoke.DirectMethodHandle$Holder.invokeStatic(java.lang.Object, int, java.lang.Object)'> (0x000000008cfc01f0) 
thrown [s\open\src\hotspot\share\interpreter\linkResolver.cpp, line 773]
Event: 8.214 Thread 0x000002309e2f8b30 Exception <a 'java/lang/NoSuchMethodError'{0x000000008ce15248}: 'java.lang.Object java.lang.invoke.Invokers$Holder.linkToTargetMethod(java.lang.Object, java.lang.Object, java.lang.Object, java.lang.Object, java.lang.Object, java.lang.Object, java.lang.Object, java.lang.Object, java.lang.Object, java.lang.Object, java.lang.Object, java.lang.Object)'> (0x000000008ce15248) 
thrown [s\open\src\hotspot\share\interpreter\linkResolver.cpp, line 773]
Event: 8.242 Thread 0x000002309e2f8b30 Exception <a 'java/lang/IncompatibleClassChangeError'{0x000000008cdccd98}: Found class java.lang.Object, but interface was expected> (0x000000008cdccd98) 
thrown [s\open\src\hotspot\share\interpreter\linkResolver.cpp, line 840]
Event: 8.479 Thread 0x000002309e2f8b30 Implicit null exception at 0x00000230afc0a777 to 0x00000230afc0a9e8
Event: 8.512 Thread 0x000002309e2f8b30 Exception <a 'java/lang/IncompatibleClassChangeError'{0x000000008e890578}: Found class java.lang.Object, but interface was expected> (0x000000008e890578) 
thrown [s\open\src\hotspot\share\interpreter\linkResolver.cpp, line 840]
Event: 8.584 Thread 0x000002309e2f8b30 Exception <a 'java/lang/IncompatibleClassChangeError'{0x000000008e673ff0}: Found class java.lang.Object, but interface was expected> (0x000000008e673ff0) 
thrown [s\open\src\hotspot\share\interpreter\linkResolver.cpp, line 840]

ZGC Phase Switch (0 events):
No events

VM Operations (20 events):
Event: 6.562 Executing VM operation: HandshakeAllThreads (Deoptimize)
Event: 6.562 Executing VM operation: HandshakeAllThreads (Deoptimize) done
Event: 6.793 Executing VM operation: HandshakeAllThreads (Deoptimize)
Event: 6.793 Executing VM operation: HandshakeAllThreads (Deoptimize) done
Event: 7.331 Executing VM operation: G1CollectForAllocation (G1 Evacuation Pause)
Event: 7.342 Executing VM operation: G1CollectForAllocation (G1 Evacuation Pause) done
Event: 7.501 Executing VM operation: CollectForMetadataAllocation (Metadata GC Threshold)
Event: 7.508 Executing VM operation: CollectForMetadataAllocation (Metadata GC Threshold) done
Event: 7.530 Executing VM operation: G1PauseRemark
Event: 7.539 Executing VM operation: G1PauseRemark done
Event: 7.545 Executing VM operation: G1PauseCleanup
Event: 7.545 Executing VM operation: G1PauseCleanup done
Event: 7.958 Executing VM operation: HandshakeAllThreads (Deoptimize)
Event: 7.958 Executing VM operation: HandshakeAllThreads (Deoptimize) done
Event: 7.983 Executing VM operation: HandshakeAllThreads (Deoptimize)
Event: 7.983 Executing VM operation: HandshakeAllThreads (Deoptimize) done
Event: 8.246 Executing VM operation: G1CollectForAllocation (G1 Evacuation Pause)
Event: 8.252 Executing VM operation: G1CollectForAllocation (G1 Evacuation Pause) done
Event: 8.407 Executing VM operation: HandshakeAllThreads (Deoptimize)
Event: 8.407 Executing VM operation: HandshakeAllThreads (Deoptimize) done

Events (20 events):
Event: 7.537 Thread 0x00000230bc9f02c0 flushing nmethod 0x00000230afd20390
Event: 7.537 Thread 0x00000230bc9f02c0 flushing nmethod 0x00000230afd19090
Event: 7.537 Thread 0x00000230bc9f02c0 flushing nmethod 0x00000230afd04a90
Event: 7.537 Thread 0x00000230bc9f02c0 flushing nmethod 0x00000230afd0b710
Event: 7.537 Thread 0x00000230bc9f02c0 flushing nmethod 0x00000230afd08c90
Event: 7.537 Thread 0x00000230bc9f02c0 flushing nmethod 0x00000230afd07c10
Event: 7.537 Thread 0x00000230bc9f02c0 flushing nmethod 0x00000230afd05990
Event: 7.537 Thread 0x00000230bc9f02c0 flushing nmethod 0x00000230afcd2f90
Event: 7.537 Thread 0x00000230bc9f02c0 flushing nmethod 0x00000230afccd510
Event: 7.537 Thread 0x00000230bc9f02c0 flushing nmethod 0x00000230afcb1610
Event: 7.537 Thread 0x00000230bc9f02c0 flushing nmethod 0x00000230afc97e10
Event: 7.537 Thread 0x00000230bc9f02c0 flushing nmethod 0x00000230afc8d510
Event: 7.537 Thread 0x00000230bc9f02c0 flushing nmethod 0x00000230afc4f310
Event: 7.537 Thread 0x00000230bc9f02c0 flushing nmethod 0x00000230afc4d990
Event: 7.537 Thread 0x00000230bc9f02c0 flushing nmethod 0x00000230afc39410
Event: 7.537 Thread 0x00000230bc9f02c0 flushing nmethod 0x00000230afc10e90
Event: 7.537 Thread 0x00000230bc9f02c0 flushing nmethod 0x00000230afc0f810
Event: 7.537 Thread 0x00000230bc9f02c0 flushing nmethod 0x00000230afc0a490
Event: 8.096 Thread 0x00000230fe0292b0 Thread exited: 0x00000230fe0292b0
Event: 8.474 Thread 0x000002308abc1ae0 Thread added: 0x000002308abc1ae0


Dynamic libraries:
0x00007ff6ffe30000 - 0x00007ff6ffe40000 	C:\Program Files\Java\jdk-21\bin\java.exe
0x00007ffe1f800000 - 0x00007ffe1fa68000 	C:\WINDOWS\SYSTEM32\ntdll.dll
0x00007ffe1f270000 - 0x00007ffe1f339000 	C:\WINDOWS\System32\KERNEL32.DLL
0x00007ffe1c950000 - 0x00007ffe1cd3d000 	C:\WINDOWS\System32\KERNELBASE.dll
0x00007ffe1d010000 - 0x00007ffe1d15b000 	C:\WINDOWS\System32\ucrtbase.dll
0x00007ffe0d9e0000 - 0x00007ffe0d9f9000 	C:\Program Files\Java\jdk-21\bin\jli.dll
0x00007ffe0d820000 - 0x00007ffe0d83b000 	C:\Program Files\Java\jdk-21\bin\VCRUNTIME140.dll
0x00007ffe1d650000 - 0x00007ffe1d704000 	C:\WINDOWS\System32\ADVAPI32.dll
0x00007ffe1da10000 - 0x00007ffe1dab9000 	C:\WINDOWS\System32\msvcrt.dll
0x00007ffe1dfd0000 - 0x00007ffe1e076000 	C:\WINDOWS\System32\sechost.dll
0x00007ffe1ee80000 - 0x00007ffe1ef98000 	C:\WINDOWS\System32\RPCRT4.dll
0x00007ffe1d730000 - 0x00007ffe1d8fc000 	C:\WINDOWS\System32\USER32.dll
0x00007ffe085a0000 - 0x00007ffe0883a000 	C:\WINDOWS\WinSxS\amd64_microsoft.windows.common-controls_6595b64144ccf1df_6.0.26100.4484_none_3e0e6d4ce32ef3b3\COMCTL32.dll
0x00007ffe1d570000 - 0x00007ffe1d597000 	C:\WINDOWS\System32\win32u.dll
0x00007ffe1f590000 - 0x00007ffe1f5bb000 	C:\WINDOWS\System32\GDI32.dll
0x00007ffe1d430000 - 0x00007ffe1d567000 	C:\WINDOWS\System32\gdi32full.dll
0x00007ffe1cd40000 - 0x00007ffe1cde3000 	C:\WINDOWS\System32\msvcp_win.dll
0x00007ffe16590000 - 0x00007ffe1659b000 	C:\WINDOWS\SYSTEM32\VERSION.dll
0x00007ffe1f3d0000 - 0x00007ffe1f3ff000 	C:\WINDOWS\System32\IMM32.DLL
0x00007ffe0ee40000 - 0x00007ffe0ee4c000 	C:\Program Files\Java\jdk-21\bin\vcruntime140_1.dll
0x00007ffdfb390000 - 0x00007ffdfb41e000 	C:\Program Files\Java\jdk-21\bin\msvcp140.dll
0x00007ffddba90000 - 0x00007ffddc7a5000 	C:\Program Files\Java\jdk-21\bin\server\jvm.dll
0x00007ffe1f510000 - 0x00007ffe1f584000 	C:\WINDOWS\System32\WS2_32.dll
0x00007ffe1c600000 - 0x00007ffe1c65e000 	C:\WINDOWS\SYSTEM32\POWRPROF.dll
0x00007ffe16550000 - 0x00007ffe16585000 	C:\WINDOWS\SYSTEM32\WINMM.dll
0x00007ffe1c5e0000 - 0x00007ffe1c5f4000 	C:\WINDOWS\SYSTEM32\UMPDC.dll
0x00007ffe1b6f0000 - 0x00007ffe1b70b000 	C:\WINDOWS\SYSTEM32\kernel.appcore.dll
0x00007ffe0c080000 - 0x00007ffe0c08a000 	C:\Program Files\Java\jdk-21\bin\jimage.dll
0x00007ffe10d20000 - 0x00007ffe10f61000 	C:\WINDOWS\SYSTEM32\DBGHELP.DLL
0x00007ffe1eae0000 - 0x00007ffe1ee66000 	C:\WINDOWS\System32\combase.dll
0x00007ffe1f180000 - 0x00007ffe1f260000 	C:\WINDOWS\System32\OLEAUT32.dll
0x00007ffe08840000 - 0x00007ffe08883000 	C:\WINDOWS\SYSTEM32\dbgcore.DLL
0x00007ffe1cf70000 - 0x00007ffe1d009000 	C:\WINDOWS\System32\bcryptPrimitives.dll
0x00007ffe0bd80000 - 0x00007ffe0bd8f000 	C:\Program Files\Java\jdk-21\bin\instrument.dll
0x00007ffe0bcd0000 - 0x00007ffe0bcef000 	C:\Program Files\Java\jdk-21\bin\java.dll
0x00007ffdfb5c0000 - 0x00007ffdfb5d8000 	C:\Program Files\Java\jdk-21\bin\zip.dll
0x00007ffe1e180000 - 0x00007ffe1e8ca000 	C:\WINDOWS\System32\SHELL32.dll
0x00007ffe1cdf0000 - 0x00007ffe1cf64000 	C:\WINDOWS\System32\wintypes.dll
0x00007ffe1a590000 - 0x00007ffe1adeb000 	C:\WINDOWS\SYSTEM32\windows.storage.dll
0x00007ffe1e080000 - 0x00007ffe1e175000 	C:\WINDOWS\System32\SHCORE.dll
0x00007ffe1f340000 - 0x00007ffe1f3aa000 	C:\WINDOWS\System32\shlwapi.dll
0x00007ffe1c860000 - 0x00007ffe1c88f000 	C:\WINDOWS\SYSTEM32\profapi.dll
0x00007ffdeab70000 - 0x00007ffdeac47000 	C:\Program Files\Java\jdk-21\bin\jsvml.dll
0x00007ffe0bca0000 - 0x00007ffe0bcb0000 	C:\Program Files\Java\jdk-21\bin\net.dll
0x00007ffe162f0000 - 0x00007ffe1640e000 	C:\WINDOWS\SYSTEM32\WINHTTP.dll
0x00007ffe1bc80000 - 0x00007ffe1bcea000 	C:\WINDOWS\system32\mswsock.dll
0x00007ffe0acd0000 - 0x00007ffe0ace6000 	C:\Program Files\Java\jdk-21\bin\nio.dll
0x00007ffe09e70000 - 0x00007ffe09e77000 	C:\Program Files\Java\jdk-21\bin\extnet.dll
0x00007ffe0b100000 - 0x00007ffe0b10e000 	C:\Program Files\Java\jdk-21\bin\sunmscapi.dll
0x00007ffe1d1f0000 - 0x00007ffe1d367000 	C:\WINDOWS\System32\CRYPT32.dll
0x00007ffe1c150000 - 0x00007ffe1c180000 	C:\WINDOWS\SYSTEM32\ncrypt.dll
0x00007ffe1c100000 - 0x00007ffe1c13f000 	C:\WINDOWS\SYSTEM32\NTASN1.dll
0x00007ffe1bf30000 - 0x00007ffe1bf4b000 	C:\WINDOWS\SYSTEM32\CRYPTSP.dll
0x00007ffe1b650000 - 0x00007ffe1b68b000 	C:\WINDOWS\system32\rsaenh.dll
0x00007ffe1bd20000 - 0x00007ffe1bd4b000 	C:\WINDOWS\SYSTEM32\USERENV.dll
0x00007ffe1c830000 - 0x00007ffe1c856000 	C:\WINDOWS\SYSTEM32\bcrypt.dll
0x00007ffe1bf50000 - 0x00007ffe1bf5c000 	C:\WINDOWS\SYSTEM32\CRYPTBASE.dll
0x00007ffe1b150000 - 0x00007ffe1b183000 	C:\WINDOWS\SYSTEM32\IPHLPAPI.DLL
0x00007ffe1ea80000 - 0x00007ffe1ea8a000 	C:\WINDOWS\System32\NSI.dll
0x00007ffe1b190000 - 0x00007ffe1b2b6000 	C:\WINDOWS\SYSTEM32\DNSAPI.dll
0x00007ffe16270000 - 0x00007ffe1627b000 	C:\Windows\System32\rasadhlp.dll
0x00007ffe175e0000 - 0x00007ffe17666000 	C:\WINDOWS\System32\fwpuclnt.dll

dbghelp: loaded successfully - version: 4.0.5 - missing functions: none
symbol engine: initialized successfully - sym options: 0x614 - pdb path: .;C:\Program Files\Java\jdk-21\bin;C:\WINDOWS\SYSTEM32;C:\WINDOWS\WinSxS\amd64_microsoft.windows.common-controls_6595b64144ccf1df_6.0.26100.4484_none_3e0e6d4ce32ef3b3;C:\Program Files\Java\jdk-21\bin\server

VM Arguments:
jvm_args: -javaagent:C:\Users\hario\AppData\Local\JetBrains\IntelliJIdea2025.3\captureAgent\debugger-agent.jar=file:///C:/Users/hario/AppData/Local/Temp/capture12275275734132131221.props -ea -Didea.test.cyclic.buffer.size=1048576 -javaagent:C:\Program Files\JetBrains\IntelliJ IDEA 2025.3\lib\idea_rt.jar=28271 -Dkotlinx.coroutines.debug.enable.creation.stack.trace=false -Ddebugger.agent.enable.coroutines=true -Dkotlinx.coroutines.debug.enable.flows.stack.trace=true -Dkotlinx.coroutines.debug.enable.mutable.state.flows.stack.trace=true -Ddebugger.async.stack.trace.for.all.threads=true -Dfile.encoding=UTF-8 -Dsun.stdout.encoding=UTF-8 -Dsun.stderr.encoding=UTF-8 
java_command: com.intellij.rt.junit.JUnitStarter -ideVersion5 -junit6 com.Project.BloodBuddy.patienttests,TestTransactionMethods(java.lang.Long)
java_class_path (initial): C:\Users\hario\.m2\repository\org\junit\platform\junit-platform-launcher\6.0.2\junit-platform-launcher-6.0.2.jar;C:\Program Files\JetBrains\IntelliJ IDEA 2025.3\lib\idea_rt.jar;C:\Program Files\JetBrains\IntelliJ IDEA 2025.3\plugins\junit\lib\junit6-rt.jar;C:\Program Files\JetBrains\IntelliJ IDEA 2025.3\plugins\junit\lib\junit5-rt.jar;C:\Program Files\JetBrains\IntelliJ IDEA 2025.3\plugins\junit\lib\junit-rt.jar;D:\Coding_Folder\SpringbootProjects\BloodBuddy\target\test-classes;D:\Coding_Folder\SpringbootProjects\BloodBuddy\target\classes;C:\Users\hario\.m2\repository\org\springframework\boot\spring-boot-starter-data-jpa\4.0.2\spring-boot-starter-data-jpa-4.0.2.jar;C:\Users\hario\.m2\repository\org\springframework\boot\spring-boot-starter\4.0.2\spring-boot-starter-4.0.2.jar;C:\Users\hario\.m2\repository\org\springframework\boot\spring-boot-starter-logging\4.0.2\spring-boot-starter-logging-4.0.2.jar;C:\Users\hario\.m2\repository\ch\qos\logback\logback-classic\1.5.25\logback-classic-1.5.25.jar;C:\Users\hario\.m2\repository\ch\qos\logback\logback-core\1.5.25\logback-core-1.5.25.jar;C:\Users\hario\.m2\repository\org\apache\logging\log4j\log4j-to-slf4j\2.25.3\log4j-to-slf4j-2.25.3.jar;C:\Users\hario\.m2\repository\org\apache\logging\log4j\log4j-api\2.25.3\log4j-api-2.25.3.jar;C:\Users\hario\.m2\repository\org\slf4j\jul-to-slf4j\2.0.17\jul-to-slf4j-2.0.17.jar;C:\Users\hario\.m2\repository\org\springframework\boot\spring-boot-autoconfigure\4.0.2\spring-boot-autoconfigure-4.0.2.jar;C:\Users\hario\.m2\repository\jakarta\annotation\jakarta.annotation-api\3.0.0\jakarta.annotation-api-3.0.0.jar;C:\Users\hario\.m2\repository\org\yaml\snakeyaml\2.5\snakeyaml-2.5.jar;C:\Users\hario\.m2\repository\org\springframework\boot\spring-boot-starter-jdbc\4.0.2\spring-boot-starter-jdbc-4.0.2.jar;C:\Users\hario\.m2\repository\com\zaxxer\HikariCP\7.0.2\HikariCP-7.0.2.jar;C:\Users\hario\.m2\repository\org\slf4j\slf4j-api\2.0.17\slf4j-api-2.0.17.jar;C:\Users\hario\.m2\repository\org\springframework\boot\spring-boot-data-jpa\4.0.2\spring-boot-data-jpa-4.0.2.jar;C:\Users\hario\.m2\repository\org\springframework\boot\spring-boot-data-commons\4.0.2\spring-boot-data-commons-4.0.2.jar;C:\Users\hario\.m2\repository\org\springframework\boot\spring-boot-persistence\4.0.2\spring-boot-persistence-4.0.2.jar;C:\Users\hario\.m2\repository\org\springframework\data\spring-data-commons\4.0.2\spring-data-commons-4.0.2.jar;C:\Users\hario\.m2\repository\org\springframework\boot\spring-boot-hibernate\4.0.2\spring-boot-hibernate-4.0.2.jar;C:\Users\hario\.m2\repository\org\springframework\boot\spring-boot-jpa\4.0.2\spring-boot-jpa-4.0.2.jar;C:\Users\hario\.m2\repository\jakarta\persistence\jakarta.persistence-api\3.2.0\jakarta.persistence-api-3.2.0.jar;C:\Users\hario\.m2\repository\org\hibernate\orm\hibernate-core\7.2.1.Final\hibernate-core-7.2.1.Final.jar;C:\Users\hario\.m2\repository\jakarta\transaction\jakarta.transaction-api\2.0.1\jakarta.transaction-api-2.0.1.jar;C:\Users\hario\.m2\repository\org\hibernate\models\hibernate-models\1.0.1\hibernate-models-1.0.1.jar;C:\Users\hario\.m2\repository\org\glassfish\jaxb\jaxb-runtime\4.0.6\jaxb-runtime-4.0.6.jar;C:\Users\hario\.m2\repository\org\glassfish\jaxb\jaxb-core\4.0.6\jaxb-core-4.0.6.jar;C:\Users\hario\.m2\repository\org\eclipse\angus\angus-activation\2.0.3\angus-activation-2.0.3.jar;C:\Users\hario\.m2\repository\org\glassfish\jaxb\txw2\4.0.6\txw2-4.0.6.jar;C:\Users\hario\.m2\repository\com\sun\istack\istack-commons-runtime\4.1.2\istack-commons-runtime-4.1.2.jar;C:\Users\hario\.m2\repository\jakarta\inject\jakarta.inject-api\2.0.1\jakarta.inject-api-2.0.1.jar;C:\Users\hario\.m2\repository\org\springframework\spring-orm\7.0.3\spring-orm-7.0.3.jar;C:\Users\hario\.m2\repository\org\springframework\data\spring-data-jpa\4.0.2\spring-data-jpa-4.0.2.jar;C:\Users\hario\.m2\repository\org\springframework\spring-context\7.0.3\spring-context-7.0.3.jar;C:\Users\hario\.m2\repository\org\springframework\spring-aop\7.0.3\spring-aop-7.0.3.jar;C:\Users\hario\.m2\repository\org\springframework\spring-tx\7.0.3\spring-tx-7.0.3.jar;C:\Users\hario\.m2\repository\org\springframework\spring-beans\7.0.3\spring-beans-7.0.3.jar;C:\Users\hario\.m2\repository\org\antlr\antlr4-runtime\4.13.2\antlr4-runtime-4.13.2.jar;C:\Users\hario\.m2\repository\org\springframework\spring-aspects\7.0.3\spring-aspects-7.0.3.jar;C:\Users\hario\.m2\repository\org\aspectj\aspectjweaver\1.9.25.1\aspectjweaver-1.9.25.1.jar;C:\Users\hario\.m2\repository\org\springframework\boot\spring-boot-jdbc\4.0.2\spring-boot-jdbc-4.0.2.jar;C:\Users\hario\.m2\repository\org\springframework\boot\spring-boot\4.0.2\spring-boot-4.0.2.jar;C:\Users\hario\.m2\repository\org\springframework\boot\spring-boot-sql\4.0.2\spring-boot-sql-4.0.2.jar;C:\Users\hario\.m2\repository\org\springframework\boot\spring-boot-transaction\4.0.2\spring-boot-transaction-4.0.2.jar;C:\Users\hario\.m2\repository\org\springframework\spring-jdbc\7.0.3\spring-jdbc-7.0.3.jar;C:\Users\hario\.m2\repository\org\springframework\boot\spring-boot-starter-webmvc\4.0.2\spring-boot-starter-webmvc-4.0.2.jar;C:\Users\hario\.m2\repository\org\springframework\boot\spring-boot-starter-jackson\4.0.2\spring-boot-starter-jackson-4.0.2.jar;C:\Users\hario\.m2\repository\org\springframework\boot\spring-boot-jackson\4.0.2\spring-boot-jackson-4.0.2.jar;C:\Users\hario\.m2\repository\tools\jackson\core\jackson-databind\3.0.4\jackson-databind-3.0.4.jar;C:\Users\hario\.m2\repository\com\fasterxml\jackson\core\jackson-annotations\2.20\jackson-annotations-2.20.jar;C:\Users\hario\.m2\repository\tools\jackson\core\jackson-core\3.0.4\jackson-core-3.0.4.jar;C:\Users\hario\.m2\repository\org\springframework\boot\spring-boot-starter-tomcat\4.0.2\spring-boot-starter-tomcat-4.0.2.jar;C:\Users\hario\.m2\repository\org\springframework\boot\spring-boot-starter-tomcat-runtime\4.0.2\spring-boot-starter-tomcat-runtime-4.0.2.jar;C:\Users\hario\.m2\repository\org\apache\tomcat\embed\tomcat-embed-core\11.0.15\tomcat-embed-core-11.0.15.jar;C:\Users\hario\.m2\repository\org\apache\tomcat\embed\tomcat-embed-websocket\11.0.15\tomcat-embed-websocket-11.0.15.jar;C:\Users\hario\.m2\repository\org\springframework\boot\spring-boot-tomcat\4.0.2\spring-boot-tomcat-4.0.2.jar;C:\Users\hario\.m2\repository\org\springframework\boot\spring-boot-http-converter\4.0.2\spring-boot-http-converter-4.0.2.jar;C:\Users\hario\.m2\repository\org\springframework\spring-web\7.0.3\spring-web-7.0.3.jar;C:\Users\hario\.m2\repository\io\micrometer\micrometer-observation\1.16.2\micrometer-observation-1.16.2.jar;C:\Users\hario\.m2\repository\io\micrometer\micrometer-commons\1.16.2\micrometer-commons-1.16.2.jar;C:\Users\hario\.m2\repository\org\springframework\boot\spring-boot-webmvc\4.0.2\spring-boot-webmvc-4.0.2.jar;C:\Users\hario\.m2\repository\org\springframework\boot\spring-boot-servlet\4.0.2\spring-boot-servlet-4.0.2.jar;C:\Users\hario\.m2\repository\org\springframework\spring-webmvc\7.0.3\spring-webmvc-7.0.3.jar;C:\Users\hario\.m2\repository\org\springframework\spring-expression\7.0.3\spring-expression-7.0.3.jar;C:\Users\hario\.m2\repository\org\springframework\boot\spring-boot-starter-validation\4.0.2\spring-boot-starter-validation-4.0.2.jar;C:\Users\hario\.m2\repository\org\springframework\boot\spring-boot-validation\4.0.2\spring-boot-validation-4.0.2.jar;C:\Users\hario\.m2\repository\org\apache\tomcat\embed\tomcat-embed-el\11.0.15\tomcat-embed-el-11.0.15.jar;C:\Users\hario\.m2\repository\org\hibernate\validator\hibernate-validator\9.0.1.Final\hibernate-validator-9.0.1.Final.jar;C:\Users\hario\.m2\repository\jakarta\validation\jakarta.validation-api\3.1.1\jakarta.validation-api-3.1.1.jar;C:\Users\hario\.m2\repository\org\jboss\logging\jboss-logging\3.6.1.Final\jboss-logging-3.6.1.Final.jar;C:\Users\hario\.m2\repository\com\fasterxml\classmate\1.7.3\classmate-1.7.3.jar;C:\Users\hario\.m2\repository\org\springframework\boot\spring-boot-starter-validation-test\4.0.2\spring-boot-starter-validation-test-4.0.2.jar;C:\Users\hario\.m2\repository\org\springframework\boot\spring-boot-starter-test\4.0.2\spring-boot-starter-test-4.0.2.jar;C:\Users\hario\.m2\repository\org\springframework\boot\spring-boot-test\4.0.2\spring-boot-test-4.0.2.jar;C:\Users\hario\.m2\repository\org\springframework\boot\spring-boot-test-autoconfigure\4.0.2\spring-boot-test-autoconfigure-4.0.2.jar;C:\Users\hario\.m2\repository\com\jayway\jsonpath\json-path\2.10.0\json-path-2.10.0.jar;C:\Users\hario\.m2\repository\jakarta\xml\bind\jakarta.xml.bind-api\4.0.4\jakarta.xml.bind-api-4.0.4.jar;C:\Users\hario\.m2\repository\jakarta\activation\jakarta.activation-api\2.1.4\jakarta.activation-api-2.1.4.jar;C:\Users\hario\.m2\repository\net\minidev\json-smart\2.6.0\json-smart-2.6.0.jar;C:\Users\hario\.m2\repository\net\minidev\accessors-smart\2.6.0\accessors-smart-2.6.0.jar;C:\Users\hario\.m2\repository\org\ow2\asm\asm\9.7.1\asm-9.7.1.jar;C:\Users\hario\.m2\repository\org\assertj\assertj-core\3.27.6\assertj-core-3.27.6.jar;C:\Users\hario\.m2\repository\net\bytebuddy\byte-buddy\1.17.8\byte-buddy-1.17.8.jar;C:\Users\hario\.m2\repository\org\awaitility\awaitility\4.3.0\awaitility-4.3.0.jar;C:\Users\hario\.m2\repository\org\hamcrest\hamcrest\3.0\hamcrest-3.0.jar;C:\Users\hario\.m2\repository\org\junit\jupiter\junit-jupiter\6.0.2\junit-jupiter-6.0.2.jar;C:\Users\hario\.m2\repository\org\junit\jupiter\junit-jupiter-api\6.0.2\junit-jupiter-api-6.0.2.jar;C:\Users\hario\.m2\repository\org\opentest4j\opentest4j\1.3.0\opentest4j-1.3.0.jar;C:\Users\hario\.m2\repository\org\junit\platform\junit-platform-commons\6.0.2\junit-platform-commons-6.0.2.jar;C:\Users\hario\.m2\repository\org\apiguardian\apiguardian-api\1.1.2\apiguardian-api-1.1.2.jar;C:\Users\hario\.m2\repository\org\junit\jupiter\junit-jupiter-params\6.0.2\junit-jupiter-params-6.0.2.jar;C:\Users\hario\.m2\repository\org\junit\jupiter\junit-jupiter-engine\6.0.2\junit-jupiter-engine-6.0.2.jar;C:\Users\hario\.m2\repository\org\junit\platform\junit-platform-engine\6.0.2\junit-platform-engine-6.0.2.jar;C:\Users\hario\.m2\repository\org\mockito\mockito-core\5.20.0\mockito-core-5.20.0.jar;C:\Users\hario\.m2\repository\net\bytebuddy\byte-buddy-agent\1.17.8\byte-buddy-agent-1.17.8.jar;C:\Users\hario\.m2\repository\org\objenesis\objenesis\3.3\objenesis-3.3.jar;C:\Users\hario\.m2\repository\org\mockito\mockito-junit-jupiter\5.20.0\mockito-junit-jupiter-5.20.0.jar;C:\Users\hario\.m2\repository\org\skyscreamer\jsonassert\1.5.3\jsonassert-1.5.3.jar;C:\Users\hario\.m2\repository\com\vaadin\external\google\android-json\0.0.20131108.vaadin1\android-json-0.0.20131108.vaadin1.jar;C:\Users\hario\.m2\repository\org\springframework\spring-core\7.0.3\spring-core-7.0.3.jar;C:\Users\hario\.m2\repository\commons-logging\commons-logging\1.3.5\commons-logging-1.3.5.jar;C:\Users\hario\.m2\repository\org\jspecify\jspecify\1.0.0\jspecify-1.0.0.jar;C:\Users\hario\.m2\repository\org\springframework\spring-test\7.0.3\spring-test-7.0.3.jar;C:\Users\hario\.m2\repository\org\xmlunit\xmlunit-core\2.10.4\xmlunit-core-2.10.4.jar;C:\Users\hario\.m2\repository\com\mysql\mysql-connector-j\9.5.0\mysql-connector-j-9.5.0.jar;C:\Users\hario\.m2\repository\org\projectlombok\lombok\1.18.42\lombok-1.18.42.jar;C:\Users\hario\.m2\repository\org\springframework\boot\spring-boot-starter-data-jpa-test\4.0.2\spring-boot-starter-data-jpa-test-4.0.2.jar;C:\Users\hario\.m2\repository\org\springframework\boot\spring-boot-starter-jdbc-test\4.0.2\spring-boot-starter-jdbc-test-4.0.2.jar;C:\Users\hario\.m2\repository\org\springframework\boot\spring-boot-jdbc-test\4.0.2\spring-boot-jdbc-test-4.0.2.jar;C:\Users\hario\.m2\repository\org\springframework\boot\spring-boot-data-jpa-test\4.0.2\spring-boot-data-jpa-test-4.0.2.jar;C:\Users\hario\.m2\repository\org\springframework\boot\spring-boot-jpa-test\4.0.2\spring-boot-jpa-test-4.0.2.jar;C:\Users\hario\.m2\repository\org\springframework\boot\spring-boot-starter-webmvc-test\4.0.2\spring-boot-starter-webmvc-test-4.0.2.jar;C:\Users\hario\.m2\repository\org\springframework\boot\spring-boot-starter-jackson-test\4.0.2\spring-boot-starter-jackson-test-4.0.2.jar;C:\Users\hario\.m2\repository\org\springframework\boot\spring-boot-webmvc-test\4.0.2\spring-boot-webmvc-test-4.0.2.jar;C:\Users\hario\.m2\repository\org\springframework\boot\spring-boot-web-server\4.0.2\spring-boot-web-server-4.0.2.jar;C:\Users\hario\.m2\repository\org\springframework\boot\spring-boot-resttestclient\4.0.2\spring-boot-resttestclient-4.0.2.jar
Launcher Type: SUN_STANDARD

[Global flags]
     intx CICompilerCount                          = 4                                         {product} {ergonomic}
     uint ConcGCThreads                            = 2                                         {product} {ergonomic}
     uint G1ConcRefinementThreads                  = 8                                         {product} {ergonomic}
   size_t G1HeapRegionSize                         = 1048576                                   {product} {ergonomic}
    uintx GCDrainStackTargetSize                   = 64                                        {product} {ergonomic}
   size_t InitialHeapSize                          = 123731968                                 {product} {ergonomic}
   size_t MarkStackSize                            = 4194304                                   {product} {ergonomic}
   size_t MaxHeapSize                              = 1967128576                                {product} {ergonomic}
   size_t MaxNewSize                               = 1179648000                                {product} {ergonomic}
   size_t MinHeapDeltaBytes                        = 1048576                                   {product} {ergonomic}
   size_t MinHeapSize                              = 8388608                                   {product} {ergonomic}
    uintx NonNMethodCodeHeapSize                   = 5839372                                {pd product} {ergonomic}
    uintx NonProfiledCodeHeapSize                  = 122909434                              {pd product} {ergonomic}
    uintx ProfiledCodeHeapSize                     = 122909434                              {pd product} {ergonomic}
    uintx ReservedCodeCacheSize                    = 251658240                              {pd product} {ergonomic}
     bool SegmentedCodeCache                       = true                                      {product} {ergonomic}
   size_t SoftMaxHeapSize                          = 1967128576                             {manageable} {ergonomic}
     bool UseCompressedOops                        = true                           {product lp64_product} {ergonomic}
     bool UseG1GC                                  = true                                      {product} {ergonomic}
     bool UseLargePagesIndividualAllocation        = false                                  {pd product} {ergonomic}

Logging:
Log output configuration:
 #0: stdout all=warning uptime,level,tags foldmultilines=false
 #1: stderr all=off uptime,level,tags foldmultilines=false

Environment Variables:
JAVA_HOME=C:\Program Files\Java\jdk-21
PATH=C:\WINDOWS\system32;C:\WINDOWS;C:\WINDOWS\System32\Wbem;C:\WINDOWS\System32\WindowsPowerShell\v1.0\;C:\WINDOWS\System32\OpenSSH\;C:\MinGW\bin;C:\Program Files\Java\jdk-21\bin;C:\Program Files\Common Files\Oracle\Java\javapath;C:\Program Files\MySQL\MySQL Server 8.0\bin;C:\Users\hario\AppData\Local\Programs\Python\Python313\Scripts;C:\Program Files\Git\cmd;C:\Program Files\php-8.4.1;C:\Program Files\Microsoft SQL Server\150\Tools\Binn\;C:\Program Files\nodejs\;C:\Users\hario\AppData\Local\Programs\Python\Python313\Scripts\;C:\Users\hario\AppData\Local\Programs\Python\Python313\;C:\Program Files\MySQL\MySQL Shell 8.0\bin\;C:\Users\hario\AppData\Local\Microsoft\WindowsApps;C:\Users\hario\AppData\Local\Programs\Microsoft VS Code\bin;D:\Coding_Folder\IntelliJ IDEA Community Edition 2023.1.7\bin;;C:\Program Files (x86)\Nmap;C:\Users\hario\AppData\Local\Programs\mongosh\;C:\Program Files\JetBrains\PyCharm Community Edition 2024.2.1\bin;;C:\Users\hario\AppData\Local\Microsoft\WindowsApps;C:\Users\hario\AppData\Roaming\npm
USERNAME=hario
OS=Windows_NT
PROCESSOR_IDENTIFIER=AMD64 Family 23 Model 104 Stepping 1, AuthenticAMD
TMP=C:\Users\hario\AppData\Local\Temp
TEMP=C:\Users\hario\AppData\Local\Temp




Periodic native trim disabled

---------------  S Y S T E M  ---------------

OS:
 Windows 11 , 64 bit Build 26100 (10.0.26100.4484)
OS uptime: 1 days 8:44 hours
Hyper-V role detected

CPU: total 8 (initial active 8) (8 cores per cpu, 2 threads per core) family 23 model 104 stepping 1 microcode 0x8608107, cx8, cmov, fxsr, ht, mmx, 3dnowpref, sse, sse2, sse3, ssse3, sse4a, sse4.1, sse4.2, popcnt, lzcnt, tsc, tscinvbit, avx, avx2, aes, clmul, bmi1, bmi2, adx, sha, fma, vzeroupper, clflush, clflushopt, hv, rdtscp, rdpid, f16c
Processor Information for processor 0
  Max Mhz: 2600, Current Mhz: 2600, Mhz Limit: 2600
Processor Information for processor 1
  Max Mhz: 2600, Current Mhz: 1789, Mhz Limit: 2600
Processor Information for processor 2
  Max Mhz: 2600, Current Mhz: 2600, Mhz Limit: 2600
Processor Information for processor 3
  Max Mhz: 2600, Current Mhz: 1789, Mhz Limit: 2600
Processor Information for processor 4
  Max Mhz: 2600, Current Mhz: 2600, Mhz Limit: 2600
Processor Information for processor 5
  Max Mhz: 2600, Current Mhz: 1789, Mhz Limit: 2600
Processor Information for processor 6
  Max Mhz: 2600, Current Mhz: 2600, Mhz Limit: 2600
Processor Information for processor 7
  Max Mhz: 2600, Current Mhz: 1789, Mhz Limit: 2600

Memory: 4k page, system-wide physical 7502M (398M free)
TotalPageFile size 15844M (AvailPageFile size 6M)
current process WorkingSet (physical memory assigned to process): 341M, peak: 341M
current process commit charge ("private bytes"): 376M, peak: 378M

vm_info: Java HotSpot(TM) 64-Bit Server VM (21.0.1+12-LTS-29) for windows-amd64 JRE (21.0.1+12-LTS-29), built on 2023-10-05T13:27:09Z by "mach5one" with MS VC++ 17.1 (VS2022)

END.
