#
# There is insufficient memory for the Java Runtime Environment to continue.
# Native memory allocation (mmap) failed to map 123731968 bytes for G1 virtual space
# Possible reasons:
#   The system is out of physical RAM or swap space
#   The process is running with CompressedOops enabled, and the Java Heap may be blocking the growth of the native heap
# Possible solutions:
#   Reduce memory load on the system
#   Increase physical memory or swap space
#   Check if swap backing store is full
#   Decrease Java heap size (-Xmx/-Xms)
#   Decrease number of Java threads
#   Decrease Java thread stack sizes (-Xss)
#   Set larger code cache with -XX:ReservedCodeCacheSize=
#   JVM is running with Unscaled Compressed Oops mode in which the Java heap is
#     placed in the first 4GB address space. The Java Heap base address is the
#     maximum limit for the native heap growth. Please use -XX:HeapBaseMinAddress
#     to set the Java Heap base and to place the Java Heap above 4GB virtual address.
# This output file may be truncated or incomplete.
#
#  Out of Memory Error (os_windows.cpp:3600), pid=14952, tid=12472
#
# JRE version:  (21.0.1+12) (build )
# Java VM: Java HotSpot(TM) 64-Bit Server VM (21.0.1+12-LTS-29, mixed mode, sharing, tiered, compressed oops, compressed class ptrs, g1 gc, windows-amd64)
# No core dump will be written. Minidumps are not enabled by default on client versions of Windows
#

---------------  S U M M A R Y ------------

Command Line: -Dnet.bytebuddy.agent.attacher.dump= net.bytebuddy.agent.Attacher com.sun.tools.attach.VirtualMachine 9424 C:\Users\hario\.m2\repository\net\bytebuddy\byte-buddy-agent\1.17.8\byte-buddy-agent-1.17.8.jar false 

Host: AMD Ryzen 3 5300U with Radeon Graphics         , 8 cores, 7G,  Windows 11 , 64 bit Build 26100 (10.0.26100.4484)
Time: Sat Jan 31 19:24:32 2026 India Standard Time elapsed time: 0.011184 seconds (0d 0h 0m 0s)

---------------  T H R E A D  ---------------

Current thread (0x00000218c25fc5f0):  JavaThread "Unknown thread" [_thread_in_vm, id=12472, stack(0x000000ab87c00000,0x000000ab87d00000) (1024K)]

Stack: [0x000000ab87c00000,0x000000ab87d00000]
Native frames: (J=compiled Java code, j=interpreted, Vv=VM code, C=native code)
V  [jvm.dll+0x6c9029]
V  [jvm.dll+0x854b81]
V  [jvm.dll+0x856e5e]
V  [jvm.dll+0x857543]
V  [jvm.dll+0x280c06]
V  [jvm.dll+0x6c5715]
V  [jvm.dll+0x6ba10a]
V  [jvm.dll+0x3557ea]
V  [jvm.dll+0x35d436]
V  [jvm.dll+0x3ae1be]
V  [jvm.dll+0x3ae468]
V  [jvm.dll+0x3291fc]
V  [jvm.dll+0x329d8b]
V  [jvm.dll+0x81d179]
V  [jvm.dll+0x3bb4f1]
V  [jvm.dll+0x805ae8]
V  [jvm.dll+0x44effe]
V  [jvm.dll+0x450901]
C  [jli.dll+0x52a3]
C  [ucrtbase.dll+0x37b0]
C  [KERNEL32.DLL+0x2e8d7]
C  [ntdll.dll+0x3c34c]


---------------  P R O C E S S  ---------------

Threads class SMR info:
_java_thread_list=0x00007ffddc659b88, length=0, elements={
}

Java Threads: ( => current thread )
Total: 0

Other Threads:
  0x00000218c25df890 WorkerThread "GC Thread#0"                     [id=11352, stack(0x000000ab87d00000,0x000000ab87e00000) (1024K)]
  0x00000218c2be2380 ConcurrentGCThread "G1 Main Marker"            [id=6352, stack(0x000000ab87e00000,0x000000ab87f00000) (1024K)]
  0x00000218c25df150 WorkerThread "G1 Conc#0"                       [id=11160, stack(0x000000ab87f00000,0x000000ab88000000) (1024K)]

[error occurred during error reporting (printing all threads), id 0xc0000005, EXCEPTION_ACCESS_VIOLATION (0xc0000005) at pc=0x00007ffddbdcc2c7]
VM state: not at safepoint (not fully initialized)

VM Mutex/Monitor currently owned by a thread:  ([mutex/lock_event])
[0x00007ffddc6ca6f8] Heap_lock - owner thread: 0x00000218c25fc5f0

Heap address: 0x000000008ac00000, size: 1876 MB, Compressed Oops mode: 32-bit

CDS archive(s) mapped at: [0x0000000000000000-0x0000000000000000-0x0000000000000000), size 0, SharedBaseAddress: 0x0000000800000000, ArchiveRelocationMode: 1.
Narrow klass base: 0x0000000000000000, Narrow klass shift: 0, Narrow klass range: 0x0

GC Precious Log:
 CardTable entry size: 512
 Card Set container configuration: InlinePtr #cards 5 size 8 Array Of Cards #cards 12 size 40 Howl #buckets 4 coarsen threshold 1843 Howl Bitmap #cards 512 size 80 coarsen threshold 460 Card regions per heap region 1 cards per card region 2048

Heap:
 garbage-first heap   total 0K, used 0K [0x000000008ac00000, 0x0000000100000000)
  region size 1024K, 0 young (0K), 0 survivors (0K)

[error occurred during error reporting (printing heap information), id 0xc0000005, EXCEPTION_ACCESS_VIOLATION (0xc0000005) at pc=0x00007ffddc1b1be9]
GC Heap History (0 events):
No events

Dll operation events (1 events):
Event: 0.007 Loaded shared library C:\Program Files\Java\jdk-21\bin\java.dll

Deoptimization events (0 events):
No events

Classes loaded (0 events):
No events

Classes unloaded (0 events):
No events

Classes redefined (0 events):
No events

Internal exceptions (0 events):
No events

ZGC Phase Switch (0 events):
No events

VM Operations (0 events):
No events

Events (0 events):
No events


Dynamic libraries:
0x00007ff6ffe30000 - 0x00007ff6ffe40000 	C:\Program Files\Java\jdk-21\bin\java.exe
0x00007ffe1f800000 - 0x00007ffe1fa68000 	C:\WINDOWS\SYSTEM32\ntdll.dll
0x00007ffe1f270000 - 0x00007ffe1f339000 	C:\WINDOWS\System32\KERNEL32.DLL
0x00007ffe1c950000 - 0x00007ffe1cd3d000 	C:\WINDOWS\System32\KERNELBASE.dll
0x00007ffe1d010000 - 0x00007ffe1d15b000 	C:\WINDOWS\System32\ucrtbase.dll
0x00007ffe0d820000 - 0x00007ffe0d83b000 	C:\Program Files\Java\jdk-21\bin\VCRUNTIME140.dll
0x00007ffe0d9e0000 - 0x00007ffe0d9f9000 	C:\Program Files\Java\jdk-21\bin\jli.dll
0x00007ffe1d650000 - 0x00007ffe1d704000 	C:\WINDOWS\System32\ADVAPI32.dll
0x00007ffe1da10000 - 0x00007ffe1dab9000 	C:\WINDOWS\System32\msvcrt.dll
0x00007ffe1dfd0000 - 0x00007ffe1e076000 	C:\WINDOWS\System32\sechost.dll
0x00007ffe1ee80000 - 0x00007ffe1ef98000 	C:\WINDOWS\System32\RPCRT4.dll
0x00007ffe1d730000 - 0x00007ffe1d8fc000 	C:\WINDOWS\System32\USER32.dll
0x00007ffe1d570000 - 0x00007ffe1d597000 	C:\WINDOWS\System32\win32u.dll
0x00007ffe085a0000 - 0x00007ffe0883a000 	C:\WINDOWS\WinSxS\amd64_microsoft.windows.common-controls_6595b64144ccf1df_6.0.26100.4484_none_3e0e6d4ce32ef3b3\COMCTL32.dll
0x00007ffe1f590000 - 0x00007ffe1f5bb000 	C:\WINDOWS\System32\GDI32.dll
0x00007ffe1d430000 - 0x00007ffe1d567000 	C:\WINDOWS\System32\gdi32full.dll
0x00007ffe1cd40000 - 0x00007ffe1cde3000 	C:\WINDOWS\System32\msvcp_win.dll
0x00007ffe16590000 - 0x00007ffe1659b000 	C:\WINDOWS\SYSTEM32\VERSION.dll
0x00007ffe1f3d0000 - 0x00007ffe1f3ff000 	C:\WINDOWS\System32\IMM32.DLL
0x00007ffe0ee40000 - 0x00007ffe0ee4c000 	C:\Program Files\Java\jdk-21\bin\vcruntime140_1.dll
0x00007ffdfb390000 - 0x00007ffdfb41e000 	C:\Program Files\Java\jdk-21\bin\msvcp140.dll
0x00007ffddba90000 - 0x00007ffddc7a5000 	C:\Program Files\Java\jdk-21\bin\server\jvm.dll
0x00007ffe1f510000 - 0x00007ffe1f584000 	C:\WINDOWS\System32\WS2_32.dll
0x00007ffe1c600000 - 0x00007ffe1c65e000 	C:\WINDOWS\SYSTEM32\POWRPROF.dll
0x00007ffe16550000 - 0x00007ffe16585000 	C:\WINDOWS\SYSTEM32\WINMM.dll
0x00007ffe1c5e0000 - 0x00007ffe1c5f4000 	C:\WINDOWS\SYSTEM32\UMPDC.dll
0x00007ffe1b6f0000 - 0x00007ffe1b70b000 	C:\WINDOWS\SYSTEM32\kernel.appcore.dll
0x00007ffe0c080000 - 0x00007ffe0c08a000 	C:\Program Files\Java\jdk-21\bin\jimage.dll
0x00007ffe10d20000 - 0x00007ffe10f61000 	C:\WINDOWS\SYSTEM32\DBGHELP.DLL
0x00007ffe1eae0000 - 0x00007ffe1ee66000 	C:\WINDOWS\System32\combase.dll
0x00007ffe1f180000 - 0x00007ffe1f260000 	C:\WINDOWS\System32\OLEAUT32.dll
0x00007ffe08840000 - 0x00007ffe08883000 	C:\WINDOWS\SYSTEM32\dbgcore.DLL
0x00007ffe1cf70000 - 0x00007ffe1d009000 	C:\WINDOWS\System32\bcryptPrimitives.dll
0x00007ffe0bcd0000 - 0x00007ffe0bcef000 	C:\Program Files\Java\jdk-21\bin\java.dll

dbghelp: loaded successfully - version: 4.0.5 - missing functions: none
symbol engine: initialized successfully - sym options: 0x614 - pdb path: .;C:\Program Files\Java\jdk-21\bin;C:\WINDOWS\SYSTEM32;C:\WINDOWS\WinSxS\amd64_microsoft.windows.common-controls_6595b64144ccf1df_6.0.26100.4484_none_3e0e6d4ce32ef3b3;C:\Program Files\Java\jdk-21\bin\server

VM Arguments:
jvm_args: -Dnet.bytebuddy.agent.attacher.dump= 
java_command: net.bytebuddy.agent.Attacher com.sun.tools.attach.VirtualMachine 9424 C:\Users\hario\.m2\repository\net\bytebuddy\byte-buddy-agent\1.17.8\byte-buddy-agent-1.17.8.jar false 
java_class_path (initial): C:\Users\hario\.m2\repository\net\bytebuddy\byte-buddy-agent\1.17.8\byte-buddy-agent-1.17.8.jar
Launcher Type: SUN_STANDARD

[Global flags]
     intx CICompilerCount                          = 4                                         {product} {ergonomic}
     uint ConcGCThreads                            = 2                                         {product} {ergonomic}
     uint G1ConcRefinementThreads                  = 8                                         {product} {ergonomic}
   size_t G1HeapRegionSize                         = 1048576                                   {product} {ergonomic}
    uintx GCDrainStackTargetSize                   = 64                                        {product} {ergonomic}
   size_t InitialHeapSize                          = 123731968                                 {product} {ergonomic}
   size_t MarkStackSize                            = 4194304                                   {product} {ergonomic}
   size_t MaxHeapSize                              = 1967128576                                {product} {ergonomic}
   size_t MinHeapDeltaBytes                        = 1048576                                   {product} {ergonomic}
   size_t MinHeapSize                              = 8388608                                   {product} {ergonomic}
    uintx NonNMethodCodeHeapSize                   = 5839372                                {pd product} {ergonomic}
    uintx NonProfiledCodeHeapSize                  = 122909434                              {pd product} {ergonomic}
    uintx ProfiledCodeHeapSize                     = 122909434                              {pd product} {ergonomic}
    uintx ReservedCodeCacheSize                    = 251658240                              {pd product} {ergonomic}
     bool SegmentedCodeCache                       = true                                      {product} {ergonomic}
   size_t SoftMaxHeapSize                          = 1967128576                             {manageable} {ergonomic}
     bool UseCompressedOops                        = true                           {product lp64_product} {ergonomic}
     bool UseG1GC                                  = true                                      {product} {ergonomic}
     bool UseLargePagesIndividualAllocation        = false                                  {pd product} {ergonomic}

Logging:
Log output configuration:
 #0: stdout all=warning uptime,level,tags foldmultilines=false
 #1: stderr all=off uptime,level,tags foldmultilines=false

Environment Variables:
JAVA_HOME=C:\Program Files\Java\jdk-21
PATH=C:\WINDOWS\system32;C:\WINDOWS;C:\WINDOWS\System32\Wbem;C:\WINDOWS\System32\WindowsPowerShell\v1.0\;C:\WINDOWS\System32\OpenSSH\;C:\MinGW\bin;C:\Program Files\Java\jdk-21\bin;C:\Program Files\Common Files\Oracle\Java\javapath;C:\Program Files\MySQL\MySQL Server 8.0\bin;C:\Users\hario\AppData\Local\Programs\Python\Python313\Scripts;C:\Program Files\Git\cmd;C:\Program Files\php-8.4.1;C:\Program Files\Microsoft SQL Server\150\Tools\Binn\;C:\Program Files\nodejs\;C:\Users\hario\AppData\Local\Programs\Python\Python313\Scripts\;C:\Users\hario\AppData\Local\Programs\Python\Python313\;C:\Program Files\MySQL\MySQL Shell 8.0\bin\;C:\Users\hario\AppData\Local\Microsoft\WindowsApps;C:\Users\hario\AppData\Local\Programs\Microsoft VS Code\bin;D:\Coding_Folder\IntelliJ IDEA Community Edition 2023.1.7\bin;;C:\Program Files (x86)\Nmap;C:\Users\hario\AppData\Local\Programs\mongosh\;C:\Program Files\JetBrains\PyCharm Community Edition 2024.2.1\bin;;C:\Users\hario\AppData\Local\Microsoft\WindowsApps;C:\Users\hario\AppData\Roaming\npm
USERNAME=hario
OS=Windows_NT
PROCESSOR_IDENTIFIER=AMD64 Family 23 Model 104 Stepping 1, AuthenticAMD
TMP=C:\Users\hario\AppData\Local\Temp
TEMP=C:\Users\hario\AppData\Local\Temp




Periodic native trim disabled

---------------  S Y S T E M  ---------------

OS:
 Windows 11 , 64 bit Build 26100 (10.0.26100.4484)
OS uptime: 1 days 8:18 hours
Hyper-V role detected

CPU: total 8 (initial active 8) (8 cores per cpu, 2 threads per core) family 23 model 104 stepping 1 microcode 0x8608107, cx8, cmov, fxsr, ht, mmx, 3dnowpref, sse, sse2, sse3, ssse3, sse4a, sse4.1, sse4.2, popcnt, lzcnt, tsc, tscinvbit, avx, avx2, aes, clmul, bmi1, bmi2, adx, sha, fma, vzeroupper, clflush, clflushopt, hv, rdtscp, rdpid, f16c
Processor Information for processor 0
  Max Mhz: 2600, Current Mhz: 2600, Mhz Limit: 2600
Processor Information for processor 1
  Max Mhz: 2600, Current Mhz: 1789, Mhz Limit: 2600
Processor Information for processor 2
  Max Mhz: 2600, Current Mhz: 2600, Mhz Limit: 2600
Processor Information for processor 3
  Max Mhz: 2600, Current Mhz: 2600, Mhz Limit: 2600
Processor Information for processor 4
  Max Mhz: 2600, Current Mhz: 2600, Mhz Limit: 2600
Processor Information for processor 5
  Max Mhz: 2600, Current Mhz: 2600, Mhz Limit: 2600
Processor Information for processor 6
  Max Mhz: 2600, Current Mhz: 2600, Mhz Limit: 2600
Processor Information for processor 7
  Max Mhz: 2600, Current Mhz: 2600, Mhz Limit: 2600

Memory: 4k page, system-wide physical 7502M (781M free)
TotalPageFile size 15844M (AvailPageFile size 67M)
current process WorkingSet (physical memory assigned to process): 12M, peak: 12M
current process commit charge ("private bytes"): 60M, peak: 178M

vm_info: Java HotSpot(TM) 64-Bit Server VM (21.0.1+12-LTS-29) for windows-amd64 JRE (21.0.1+12-LTS-29), built on 2023-10-05T13:27:09Z by "mach5one" with MS VC++ 17.1 (VS2022)

END.
